ERROR - 2021-04-27 11:34:18 --> mysqli_sql_exception: Column 'id_cliente' cannot be null in C:\xampp\htdocs\lexsoft\vendor\codeigniter4\framework\system\Database\MySQLi\Connection.php:314
Stack trace:
#0 C:\xampp\htdocs\lexsoft\vendor\codeigniter4\framework\system\Database\MySQLi\Connection.php(314): mysqli->query('INSERT INTO `le...')
#1 C:\xampp\htdocs\lexsoft\vendor\codeigniter4\framework\system\Database\BaseConnection.php(713): CodeIgniter\Database\MySQLi\Connection->execute('INSERT INTO `le...')
#2 C:\xampp\htdocs\lexsoft\vendor\codeigniter4\framework\system\Database\BaseConnection.php(641): CodeIgniter\Database\BaseConnection->simpleQuery('INSERT INTO `le...')
#3 C:\xampp\htdocs\lexsoft\vendor\codeigniter4\framework\system\Database\BaseBuilder.php(2263): CodeIgniter\Database\BaseConnection->query('INSERT INTO `le...', Array, false)
#4 C:\xampp\htdocs\lexsoft\vendor\codeigniter4\framework\system\Model.php(278): CodeIgniter\Database\BaseBuilder->insert()
#5 C:\xampp\htdocs\lexsoft\vendor\codeigniter4\framework\system\BaseModel.php(758): CodeIgniter\Model->doInsert(Array)
#6 C:\xampp\htdocs\lexsoft\vendor\codeigniter4\framework\system\Model.php(705): CodeIgniter\BaseModel->insert(Array, true)
#7 C:\xampp\htdocs\lexsoft\app\Controllers\cliente\Casos.php(74): CodeIgniter\Model->insert(Array)
#8 C:\xampp\htdocs\lexsoft\vendor\codeigniter4\framework\system\CodeIgniter.php(936): App\Controllers\cliente\Casos->insert_caso()
#9 C:\xampp\htdocs\lexsoft\vendor\codeigniter4\framework\system\CodeIgniter.php(432): CodeIgniter\CodeIgniter->runController(Object(App\Controllers\cliente\Casos))
#10 C:\xampp\htdocs\lexsoft\vendor\codeigniter4\framework\system\CodeIgniter.php(333): CodeIgniter\CodeIgniter->handleRequest(NULL, Object(Config\Cache), false)
#11 C:\xampp\htdocs\lexsoft\public\index.php(44): CodeIgniter\CodeIgniter->run()
#12 {main}
CRITICAL - 2021-04-27 11:34:18 --> Column 'id_cliente' cannot be null
#0 C:\xampp\htdocs\lexsoft\vendor\codeigniter4\framework\system\Database\MySQLi\Connection.php(314): mysqli->query('INSERT INTO `le...')
#1 C:\xampp\htdocs\lexsoft\vendor\codeigniter4\framework\system\Database\BaseConnection.php(713): CodeIgniter\Database\MySQLi\Connection->execute('INSERT INTO `le...')
#2 C:\xampp\htdocs\lexsoft\vendor\codeigniter4\framework\system\Database\BaseConnection.php(641): CodeIgniter\Database\BaseConnection->simpleQuery('INSERT INTO `le...')
#3 C:\xampp\htdocs\lexsoft\vendor\codeigniter4\framework\system\Database\BaseBuilder.php(2263): CodeIgniter\Database\BaseConnection->query('INSERT INTO `le...', Array, false)
#4 C:\xampp\htdocs\lexsoft\vendor\codeigniter4\framework\system\Model.php(278): CodeIgniter\Database\BaseBuilder->insert()
#5 C:\xampp\htdocs\lexsoft\vendor\codeigniter4\framework\system\BaseModel.php(758): CodeIgniter\Model->doInsert(Array)
#6 C:\xampp\htdocs\lexsoft\vendor\codeigniter4\framework\system\Model.php(705): CodeIgniter\BaseModel->insert(Array, true)
#7 C:\xampp\htdocs\lexsoft\app\Controllers\cliente\Casos.php(74): CodeIgniter\Model->insert(Array)
#8 C:\xampp\htdocs\lexsoft\vendor\codeigniter4\framework\system\CodeIgniter.php(936): App\Controllers\cliente\Casos->insert_caso()
#9 C:\xampp\htdocs\lexsoft\vendor\codeigniter4\framework\system\CodeIgniter.php(432): CodeIgniter\CodeIgniter->runController(Object(App\Controllers\cliente\Casos))
#10 C:\xampp\htdocs\lexsoft\vendor\codeigniter4\framework\system\CodeIgniter.php(333): CodeIgniter\CodeIgniter->handleRequest(NULL, Object(Config\Cache), false)
#11 C:\xampp\htdocs\lexsoft\public\index.php(44): CodeIgniter\CodeIgniter->run()
#12 {main}
ERROR - 2021-04-27 12:48:09 --> mysqli_sql_exception: Column 'id_cliente' cannot be null in C:\xampp\htdocs\lexsoft\vendor\codeigniter4\framework\system\Database\MySQLi\Connection.php:314
Stack trace:
#0 C:\xampp\htdocs\lexsoft\vendor\codeigniter4\framework\system\Database\MySQLi\Connection.php(314): mysqli->query('INSERT INTO `le...')
#1 C:\xampp\htdocs\lexsoft\vendor\codeigniter4\framework\system\Database\BaseConnection.php(713): CodeIgniter\Database\MySQLi\Connection->execute('INSERT INTO `le...')
#2 C:\xampp\htdocs\lexsoft\vendor\codeigniter4\framework\system\Database\BaseConnection.php(641): CodeIgniter\Database\BaseConnection->simpleQuery('INSERT INTO `le...')
#3 C:\xampp\htdocs\lexsoft\vendor\codeigniter4\framework\system\Database\BaseBuilder.php(2263): CodeIgniter\Database\BaseConnection->query('INSERT INTO `le...', Array, false)
#4 C:\xampp\htdocs\lexsoft\vendor\codeigniter4\framework\system\Model.php(278): CodeIgniter\Database\BaseBuilder->insert()
#5 C:\xampp\htdocs\lexsoft\vendor\codeigniter4\framework\system\BaseModel.php(758): CodeIgniter\Model->doInsert(Array)
#6 C:\xampp\htdocs\lexsoft\vendor\codeigniter4\framework\system\Model.php(705): CodeIgniter\BaseModel->insert(Array, true)
#7 C:\xampp\htdocs\lexsoft\app\Controllers\cliente\Casos.php(74): CodeIgniter\Model->insert(Array)
#8 C:\xampp\htdocs\lexsoft\vendor\codeigniter4\framework\system\CodeIgniter.php(936): App\Controllers\cliente\Casos->insert_caso()
#9 C:\xampp\htdocs\lexsoft\vendor\codeigniter4\framework\system\CodeIgniter.php(432): CodeIgniter\CodeIgniter->runController(Object(App\Controllers\cliente\Casos))
#10 C:\xampp\htdocs\lexsoft\vendor\codeigniter4\framework\system\CodeIgniter.php(333): CodeIgniter\CodeIgniter->handleRequest(NULL, Object(Config\Cache), false)
#11 C:\xampp\htdocs\lexsoft\public\index.php(44): CodeIgniter\CodeIgniter->run()
#12 {main}
CRITICAL - 2021-04-27 12:48:09 --> Column 'id_cliente' cannot be null
#0 C:\xampp\htdocs\lexsoft\vendor\codeigniter4\framework\system\Database\MySQLi\Connection.php(314): mysqli->query('INSERT INTO `le...')
#1 C:\xampp\htdocs\lexsoft\vendor\codeigniter4\framework\system\Database\BaseConnection.php(713): CodeIgniter\Database\MySQLi\Connection->execute('INSERT INTO `le...')
#2 C:\xampp\htdocs\lexsoft\vendor\codeigniter4\framework\system\Database\BaseConnection.php(641): CodeIgniter\Database\BaseConnection->simpleQuery('INSERT INTO `le...')
#3 C:\xampp\htdocs\lexsoft\vendor\codeigniter4\framework\system\Database\BaseBuilder.php(2263): CodeIgniter\Database\BaseConnection->query('INSERT INTO `le...', Array, false)
#4 C:\xampp\htdocs\lexsoft\vendor\codeigniter4\framework\system\Model.php(278): CodeIgniter\Database\BaseBuilder->insert()
#5 C:\xampp\htdocs\lexsoft\vendor\codeigniter4\framework\system\BaseModel.php(758): CodeIgniter\Model->doInsert(Array)
#6 C:\xampp\htdocs\lexsoft\vendor\codeigniter4\framework\system\Model.php(705): CodeIgniter\BaseModel->insert(Array, true)
#7 C:\xampp\htdocs\lexsoft\app\Controllers\cliente\Casos.php(74): CodeIgniter\Model->insert(Array)
#8 C:\xampp\htdocs\lexsoft\vendor\codeigniter4\framework\system\CodeIgniter.php(936): App\Controllers\cliente\Casos->insert_caso()
#9 C:\xampp\htdocs\lexsoft\vendor\codeigniter4\framework\system\CodeIgniter.php(432): CodeIgniter\CodeIgniter->runController(Object(App\Controllers\cliente\Casos))
#10 C:\xampp\htdocs\lexsoft\vendor\codeigniter4\framework\system\CodeIgniter.php(333): CodeIgniter\CodeIgniter->handleRequest(NULL, Object(Config\Cache), false)
#11 C:\xampp\htdocs\lexsoft\public\index.php(44): CodeIgniter\CodeIgniter->run()
#12 {main}
ERROR - 2021-04-27 12:50:43 --> mysqli_sql_exception: Column 'id_cliente' cannot be null in C:\xampp\htdocs\lexsoft\vendor\codeigniter4\framework\system\Database\MySQLi\Connection.php:314
Stack trace:
#0 C:\xampp\htdocs\lexsoft\vendor\codeigniter4\framework\system\Database\MySQLi\Connection.php(314): mysqli->query('INSERT INTO `le...')
#1 C:\xampp\htdocs\lexsoft\vendor\codeigniter4\framework\system\Database\BaseConnection.php(713): CodeIgniter\Database\MySQLi\Connection->execute('INSERT INTO `le...')
#2 C:\xampp\htdocs\lexsoft\vendor\codeigniter4\framework\system\Database\BaseConnection.php(641): CodeIgniter\Database\BaseConnection->simpleQuery('INSERT INTO `le...')
#3 C:\xampp\htdocs\lexsoft\vendor\codeigniter4\framework\system\Database\BaseBuilder.php(2263): CodeIgniter\Database\BaseConnection->query('INSERT INTO `le...', Array, false)
#4 C:\xampp\htdocs\lexsoft\vendor\codeigniter4\framework\system\Model.php(278): CodeIgniter\Database\BaseBuilder->insert()
#5 C:\xampp\htdocs\lexsoft\vendor\codeigniter4\framework\system\BaseModel.php(758): CodeIgniter\Model->doInsert(Array)
#6 C:\xampp\htdocs\lexsoft\vendor\codeigniter4\framework\system\Model.php(705): CodeIgniter\BaseModel->insert(Array, true)
#7 C:\xampp\htdocs\lexsoft\app\Controllers\cliente\Casos.php(74): CodeIgniter\Model->insert(Array)
#8 C:\xampp\htdocs\lexsoft\vendor\codeigniter4\framework\system\CodeIgniter.php(936): App\Controllers\cliente\Casos->insert_caso()
#9 C:\xampp\htdocs\lexsoft\vendor\codeigniter4\framework\system\CodeIgniter.php(432): CodeIgniter\CodeIgniter->runController(Object(App\Controllers\cliente\Casos))
#10 C:\xampp\htdocs\lexsoft\vendor\codeigniter4\framework\system\CodeIgniter.php(333): CodeIgniter\CodeIgniter->handleRequest(NULL, Object(Config\Cache), false)
#11 C:\xampp\htdocs\lexsoft\public\index.php(44): CodeIgniter\CodeIgniter->run()
#12 {main}
CRITICAL - 2021-04-27 12:50:43 --> Column 'id_cliente' cannot be null
#0 C:\xampp\htdocs\lexsoft\vendor\codeigniter4\framework\system\Database\MySQLi\Connection.php(314): mysqli->query('INSERT INTO `le...')
#1 C:\xampp\htdocs\lexsoft\vendor\codeigniter4\framework\system\Database\BaseConnection.php(713): CodeIgniter\Database\MySQLi\Connection->execute('INSERT INTO `le...')
#2 C:\xampp\htdocs\lexsoft\vendor\codeigniter4\framework\system\Database\BaseConnection.php(641): CodeIgniter\Database\BaseConnection->simpleQuery('INSERT INTO `le...')
#3 C:\xampp\htdocs\lexsoft\vendor\codeigniter4\framework\system\Database\BaseBuilder.php(2263): CodeIgniter\Database\BaseConnection->query('INSERT INTO `le...', Array, false)
#4 C:\xampp\htdocs\lexsoft\vendor\codeigniter4\framework\system\Model.php(278): CodeIgniter\Database\BaseBuilder->insert()
#5 C:\xampp\htdocs\lexsoft\vendor\codeigniter4\framework\system\BaseModel.php(758): CodeIgniter\Model->doInsert(Array)
#6 C:\xampp\htdocs\lexsoft\vendor\codeigniter4\framework\system\Model.php(705): CodeIgniter\BaseModel->insert(Array, true)
#7 C:\xampp\htdocs\lexsoft\app\Controllers\cliente\Casos.php(74): CodeIgniter\Model->insert(Array)
#8 C:\xampp\htdocs\lexsoft\vendor\codeigniter4\framework\system\CodeIgniter.php(936): App\Controllers\cliente\Casos->insert_caso()
#9 C:\xampp\htdocs\lexsoft\vendor\codeigniter4\framework\system\CodeIgniter.php(432): CodeIgniter\CodeIgniter->runController(Object(App\Controllers\cliente\Casos))
#10 C:\xampp\htdocs\lexsoft\vendor\codeigniter4\framework\system\CodeIgniter.php(333): CodeIgniter\CodeIgniter->handleRequest(NULL, Object(Config\Cache), false)
#11 C:\xampp\htdocs\lexsoft\public\index.php(44): CodeIgniter\CodeIgniter->run()
#12 {main}
ERROR - 2021-04-27 12:51:55 --> mysqli_sql_exception: Column 'id_cliente' cannot be null in C:\xampp\htdocs\lexsoft\vendor\codeigniter4\framework\system\Database\MySQLi\Connection.php:314
Stack trace:
#0 C:\xampp\htdocs\lexsoft\vendor\codeigniter4\framework\system\Database\MySQLi\Connection.php(314): mysqli->query('INSERT INTO `le...')
#1 C:\xampp\htdocs\lexsoft\vendor\codeigniter4\framework\system\Database\BaseConnection.php(713): CodeIgniter\Database\MySQLi\Connection->execute('INSERT INTO `le...')
#2 C:\xampp\htdocs\lexsoft\vendor\codeigniter4\framework\system\Database\BaseConnection.php(641): CodeIgniter\Database\BaseConnection->simpleQuery('INSERT INTO `le...')
#3 C:\xampp\htdocs\lexsoft\vendor\codeigniter4\framework\system\Database\BaseBuilder.php(2263): CodeIgniter\Database\BaseConnection->query('INSERT INTO `le...', Array, false)
#4 C:\xampp\htdocs\lexsoft\vendor\codeigniter4\framework\system\Model.php(278): CodeIgniter\Database\BaseBuilder->insert()
#5 C:\xampp\htdocs\lexsoft\vendor\codeigniter4\framework\system\BaseModel.php(758): CodeIgniter\Model->doInsert(Array)
#6 C:\xampp\htdocs\lexsoft\vendor\codeigniter4\framework\system\Model.php(705): CodeIgniter\BaseModel->insert(Array, true)
#7 C:\xampp\htdocs\lexsoft\app\Controllers\cliente\Casos.php(74): CodeIgniter\Model->insert(Array)
#8 C:\xampp\htdocs\lexsoft\vendor\codeigniter4\framework\system\CodeIgniter.php(936): App\Controllers\cliente\Casos->insert_caso()
#9 C:\xampp\htdocs\lexsoft\vendor\codeigniter4\framework\system\CodeIgniter.php(432): CodeIgniter\CodeIgniter->runController(Object(App\Controllers\cliente\Casos))
#10 C:\xampp\htdocs\lexsoft\vendor\codeigniter4\framework\system\CodeIgniter.php(333): CodeIgniter\CodeIgniter->handleRequest(NULL, Object(Config\Cache), false)
#11 C:\xampp\htdocs\lexsoft\public\index.php(44): CodeIgniter\CodeIgniter->run()
#12 {main}
CRITICAL - 2021-04-27 12:51:55 --> Column 'id_cliente' cannot be null
#0 C:\xampp\htdocs\lexsoft\vendor\codeigniter4\framework\system\Database\MySQLi\Connection.php(314): mysqli->query('INSERT INTO `le...')
#1 C:\xampp\htdocs\lexsoft\vendor\codeigniter4\framework\system\Database\BaseConnection.php(713): CodeIgniter\Database\MySQLi\Connection->execute('INSERT INTO `le...')
#2 C:\xampp\htdocs\lexsoft\vendor\codeigniter4\framework\system\Database\BaseConnection.php(641): CodeIgniter\Database\BaseConnection->simpleQuery('INSERT INTO `le...')
#3 C:\xampp\htdocs\lexsoft\vendor\codeigniter4\framework\system\Database\BaseBuilder.php(2263): CodeIgniter\Database\BaseConnection->query('INSERT INTO `le...', Array, false)
#4 C:\xampp\htdocs\lexsoft\vendor\codeigniter4\framework\system\Model.php(278): CodeIgniter\Database\BaseBuilder->insert()
#5 C:\xampp\htdocs\lexsoft\vendor\codeigniter4\framework\system\BaseModel.php(758): CodeIgniter\Model->doInsert(Array)
#6 C:\xampp\htdocs\lexsoft\vendor\codeigniter4\framework\system\Model.php(705): CodeIgniter\BaseModel->insert(Array, true)
#7 C:\xampp\htdocs\lexsoft\app\Controllers\cliente\Casos.php(74): CodeIgniter\Model->insert(Array)
#8 C:\xampp\htdocs\lexsoft\vendor\codeigniter4\framework\system\CodeIgniter.php(936): App\Controllers\cliente\Casos->insert_caso()
#9 C:\xampp\htdocs\lexsoft\vendor\codeigniter4\framework\system\CodeIgniter.php(432): CodeIgniter\CodeIgniter->runController(Object(App\Controllers\cliente\Casos))
#10 C:\xampp\htdocs\lexsoft\vendor\codeigniter4\framework\system\CodeIgniter.php(333): CodeIgniter\CodeIgniter->handleRequest(NULL, Object(Config\Cache), false)
#11 C:\xampp\htdocs\lexsoft\public\index.php(44): CodeIgniter\CodeIgniter->run()
#12 {main}
ERROR - 2021-04-27 12:52:12 --> mysqli_sql_exception: Column 'nombre' cannot be null in C:\xampp\htdocs\lexsoft\vendor\codeigniter4\framework\system\Database\MySQLi\Connection.php:314
Stack trace:
#0 C:\xampp\htdocs\lexsoft\vendor\codeigniter4\framework\system\Database\MySQLi\Connection.php(314): mysqli->query('INSERT INTO `le...')
#1 C:\xampp\htdocs\lexsoft\vendor\codeigniter4\framework\system\Database\BaseConnection.php(713): CodeIgniter\Database\MySQLi\Connection->execute('INSERT INTO `le...')
#2 C:\xampp\htdocs\lexsoft\vendor\codeigniter4\framework\system\Database\BaseConnection.php(641): CodeIgniter\Database\BaseConnection->simpleQuery('INSERT INTO `le...')
#3 C:\xampp\htdocs\lexsoft\vendor\codeigniter4\framework\system\Database\BaseBuilder.php(2263): CodeIgniter\Database\BaseConnection->query('INSERT INTO `le...', Array, false)
#4 C:\xampp\htdocs\lexsoft\vendor\codeigniter4\framework\system\Model.php(278): CodeIgniter\Database\BaseBuilder->insert()
#5 C:\xampp\htdocs\lexsoft\vendor\codeigniter4\framework\system\BaseModel.php(758): CodeIgniter\Model->doInsert(Array)
#6 C:\xampp\htdocs\lexsoft\vendor\codeigniter4\framework\system\Model.php(705): CodeIgniter\BaseModel->insert(Array, true)
#7 C:\xampp\htdocs\lexsoft\app\Controllers\cliente\Casos.php(74): CodeIgniter\Model->insert(Array)
#8 C:\xampp\htdocs\lexsoft\vendor\codeigniter4\framework\system\CodeIgniter.php(936): App\Controllers\cliente\Casos->insert_caso()
#9 C:\xampp\htdocs\lexsoft\vendor\codeigniter4\framework\system\CodeIgniter.php(432): CodeIgniter\CodeIgniter->runController(Object(App\Controllers\cliente\Casos))
#10 C:\xampp\htdocs\lexsoft\vendor\codeigniter4\framework\system\CodeIgniter.php(333): CodeIgniter\CodeIgniter->handleRequest(NULL, Object(Config\Cache), false)
#11 C:\xampp\htdocs\lexsoft\public\index.php(44): CodeIgniter\CodeIgniter->run()
#12 {main}
CRITICAL - 2021-04-27 12:52:12 --> Column 'nombre' cannot be null
#0 C:\xampp\htdocs\lexsoft\vendor\codeigniter4\framework\system\Database\MySQLi\Connection.php(314): mysqli->query('INSERT INTO `le...')
#1 C:\xampp\htdocs\lexsoft\vendor\codeigniter4\framework\system\Database\BaseConnection.php(713): CodeIgniter\Database\MySQLi\Connection->execute('INSERT INTO `le...')
#2 C:\xampp\htdocs\lexsoft\vendor\codeigniter4\framework\system\Database\BaseConnection.php(641): CodeIgniter\Database\BaseConnection->simpleQuery('INSERT INTO `le...')
#3 C:\xampp\htdocs\lexsoft\vendor\codeigniter4\framework\system\Database\BaseBuilder.php(2263): CodeIgniter\Database\BaseConnection->query('INSERT INTO `le...', Array, false)
#4 C:\xampp\htdocs\lexsoft\vendor\codeigniter4\framework\system\Model.php(278): CodeIgniter\Database\BaseBuilder->insert()
#5 C:\xampp\htdocs\lexsoft\vendor\codeigniter4\framework\system\BaseModel.php(758): CodeIgniter\Model->doInsert(Array)
#6 C:\xampp\htdocs\lexsoft\vendor\codeigniter4\framework\system\Model.php(705): CodeIgniter\BaseModel->insert(Array, true)
#7 C:\xampp\htdocs\lexsoft\app\Controllers\cliente\Casos.php(74): CodeIgniter\Model->insert(Array)
#8 C:\xampp\htdocs\lexsoft\vendor\codeigniter4\framework\system\CodeIgniter.php(936): App\Controllers\cliente\Casos->insert_caso()
#9 C:\xampp\htdocs\lexsoft\vendor\codeigniter4\framework\system\CodeIgniter.php(432): CodeIgniter\CodeIgniter->runController(Object(App\Controllers\cliente\Casos))
#10 C:\xampp\htdocs\lexsoft\vendor\codeigniter4\framework\system\CodeIgniter.php(333): CodeIgniter\CodeIgniter->handleRequest(NULL, Object(Config\Cache), false)
#11 C:\xampp\htdocs\lexsoft\public\index.php(44): CodeIgniter\CodeIgniter->run()
#12 {main}
CRITICAL - 2021-04-27 15:28:37 --> include(alerts/alerts.php): failed to open stream: No such file or directory
#0 C:\xampp\htdocs\lexsoft\app\Views\login\login.php(55): CodeIgniter\Debug\Exceptions->errorHandler(2, 'include(alerts/...', 'C:\\xampp\\htdocs...', 55, Array)
#1 C:\xampp\htdocs\lexsoft\app\Views\login\login.php(55): include()
#2 C:\xampp\htdocs\lexsoft\vendor\codeigniter4\framework\system\View\View.php(220): include('C:\\xampp\\htdocs...')
#3 C:\xampp\htdocs\lexsoft\vendor\codeigniter4\framework\system\View\View.php(222): CodeIgniter\View\View->CodeIgniter\View\{closure}()
#4 C:\xampp\htdocs\lexsoft\vendor\codeigniter4\framework\system\Common.php(1217): CodeIgniter\View\View->render('login/login', Array, true)
#5 C:\xampp\htdocs\lexsoft\app\Controllers\login\Login.php(87): view('login/login', Array)
#6 C:\xampp\htdocs\lexsoft\app\Controllers\login\Login.php(14): App\Controllers\login\Login->vistasPredeterminadas('login', Array)
#7 C:\xampp\htdocs\lexsoft\vendor\codeigniter4\framework\system\CodeIgniter.php(936): App\Controllers\login\Login->index()
#8 C:\xampp\htdocs\lexsoft\vendor\codeigniter4\framework\system\CodeIgniter.php(432): CodeIgniter\CodeIgniter->runController(Object(App\Controllers\login\Login))
#9 C:\xampp\htdocs\lexsoft\vendor\codeigniter4\framework\system\CodeIgniter.php(333): CodeIgniter\CodeIgniter->handleRequest(NULL, Object(Config\Cache), false)
#10 C:\xampp\htdocs\lexsoft\public\index.php(44): CodeIgniter\CodeIgniter->run()
#11 {main}
CRITICAL - 2021-04-27 15:28:44 --> include(alerts/alerts.php): failed to open stream: No such file or directory
#0 C:\xampp\htdocs\lexsoft\app\Views\login\login.php(55): CodeIgniter\Debug\Exceptions->errorHandler(2, 'include(alerts/...', 'C:\\xampp\\htdocs...', 55, Array)
#1 C:\xampp\htdocs\lexsoft\app\Views\login\login.php(55): include()
#2 C:\xampp\htdocs\lexsoft\vendor\codeigniter4\framework\system\View\View.php(220): include('C:\\xampp\\htdocs...')
#3 C:\xampp\htdocs\lexsoft\vendor\codeigniter4\framework\system\View\View.php(222): CodeIgniter\View\View->CodeIgniter\View\{closure}()
#4 C:\xampp\htdocs\lexsoft\vendor\codeigniter4\framework\system\Common.php(1217): CodeIgniter\View\View->render('login/login', Array, true)
#5 C:\xampp\htdocs\lexsoft\app\Controllers\login\Login.php(87): view('login/login', Array)
#6 C:\xampp\htdocs\lexsoft\app\Controllers\login\Login.php(14): App\Controllers\login\Login->vistasPredeterminadas('login', Array)
#7 C:\xampp\htdocs\lexsoft\vendor\codeigniter4\framework\system\CodeIgniter.php(936): App\Controllers\login\Login->index()
#8 C:\xampp\htdocs\lexsoft\vendor\codeigniter4\framework\system\CodeIgniter.php(432): CodeIgniter\CodeIgniter->runController(Object(App\Controllers\login\Login))
#9 C:\xampp\htdocs\lexsoft\vendor\codeigniter4\framework\system\CodeIgniter.php(333): CodeIgniter\CodeIgniter->handleRequest(NULL, Object(Config\Cache), false)
#10 C:\xampp\htdocs\lexsoft\public\index.php(44): CodeIgniter\CodeIgniter->run()
#11 {main}
CRITICAL - 2021-04-27 15:29:16 --> include(alerts/alerts.php): failed to open stream: No such file or directory
#0 C:\xampp\htdocs\lexsoft\app\Views\login\login.php(55): CodeIgniter\Debug\Exceptions->errorHandler(2, 'include(alerts/...', 'C:\\xampp\\htdocs...', 55, Array)
#1 C:\xampp\htdocs\lexsoft\app\Views\login\login.php(55): include()
#2 C:\xampp\htdocs\lexsoft\vendor\codeigniter4\framework\system\View\View.php(220): include('C:\\xampp\\htdocs...')
#3 C:\xampp\htdocs\lexsoft\vendor\codeigniter4\framework\system\View\View.php(222): CodeIgniter\View\View->CodeIgniter\View\{closure}()
#4 C:\xampp\htdocs\lexsoft\vendor\codeigniter4\framework\system\Common.php(1217): CodeIgniter\View\View->render('login/login', Array, true)
#5 C:\xampp\htdocs\lexsoft\app\Controllers\login\Login.php(87): view('login/login', Array)
#6 C:\xampp\htdocs\lexsoft\app\Controllers\login\Login.php(14): App\Controllers\login\Login->vistasPredeterminadas('login', Array)
#7 C:\xampp\htdocs\lexsoft\vendor\codeigniter4\framework\system\CodeIgniter.php(936): App\Controllers\login\Login->index()
#8 C:\xampp\htdocs\lexsoft\vendor\codeigniter4\framework\system\CodeIgniter.php(432): CodeIgniter\CodeIgniter->runController(Object(App\Controllers\login\Login))
#9 C:\xampp\htdocs\lexsoft\vendor\codeigniter4\framework\system\CodeIgniter.php(333): CodeIgniter\CodeIgniter->handleRequest(NULL, Object(Config\Cache), false)
#10 C:\xampp\htdocs\lexsoft\public\index.php(44): CodeIgniter\CodeIgniter->run()
#11 {main}
CRITICAL - 2021-04-27 15:29:16 --> include(alerts/alerts.php): failed to open stream: No such file or directory
#0 C:\xampp\htdocs\lexsoft\app\Views\login\login.php(55): CodeIgniter\Debug\Exceptions->errorHandler(2, 'include(alerts/...', 'C:\\xampp\\htdocs...', 55, Array)
#1 C:\xampp\htdocs\lexsoft\app\Views\login\login.php(55): include()
#2 C:\xampp\htdocs\lexsoft\vendor\codeigniter4\framework\system\View\View.php(220): include('C:\\xampp\\htdocs...')
#3 C:\xampp\htdocs\lexsoft\vendor\codeigniter4\framework\system\View\View.php(222): CodeIgniter\View\View->CodeIgniter\View\{closure}()
#4 C:\xampp\htdocs\lexsoft\vendor\codeigniter4\framework\system\Common.php(1217): CodeIgniter\View\View->render('login/login', Array, true)
#5 C:\xampp\htdocs\lexsoft\app\Controllers\login\Login.php(87): view('login/login', Array)
#6 C:\xampp\htdocs\lexsoft\app\Controllers\login\Login.php(14): App\Controllers\login\Login->vistasPredeterminadas('login', Array)
#7 C:\xampp\htdocs\lexsoft\vendor\codeigniter4\framework\system\CodeIgniter.php(936): App\Controllers\login\Login->index()
#8 C:\xampp\htdocs\lexsoft\vendor\codeigniter4\framework\system\CodeIgniter.php(432): CodeIgniter\CodeIgniter->runController(Object(App\Controllers\login\Login))
#9 C:\xampp\htdocs\lexsoft\vendor\codeigniter4\framework\system\CodeIgniter.php(333): CodeIgniter\CodeIgniter->handleRequest(NULL, Object(Config\Cache), false)
#10 C:\xampp\htdocs\lexsoft\public\index.php(44): CodeIgniter\CodeIgniter->run()
#11 {main}
CRITICAL - 2021-04-27 15:29:37 --> include(alerts/alerts.php): failed to open stream: No such file or directory
#0 C:\xampp\htdocs\lexsoft\app\Views\login\template\footer.php(22): CodeIgniter\Debug\Exceptions->errorHandler(2, 'include(alerts/...', 'C:\\xampp\\htdocs...', 22, Array)
#1 C:\xampp\htdocs\lexsoft\app\Views\login\template\footer.php(22): include()
#2 C:\xampp\htdocs\lexsoft\vendor\codeigniter4\framework\system\View\View.php(220): include('C:\\xampp\\htdocs...')
#3 C:\xampp\htdocs\lexsoft\vendor\codeigniter4\framework\system\View\View.php(222): CodeIgniter\View\View->CodeIgniter\View\{closure}()
#4 C:\xampp\htdocs\lexsoft\vendor\codeigniter4\framework\system\Common.php(1217): CodeIgniter\View\View->render('login/template/...', Array, true)
#5 C:\xampp\htdocs\lexsoft\app\Controllers\login\Login.php(88): view('login/template/...')
#6 C:\xampp\htdocs\lexsoft\app\Controllers\login\Login.php(14): App\Controllers\login\Login->vistasPredeterminadas('login', Array)
#7 C:\xampp\htdocs\lexsoft\vendor\codeigniter4\framework\system\CodeIgniter.php(936): App\Controllers\login\Login->index()
#8 C:\xampp\htdocs\lexsoft\vendor\codeigniter4\framework\system\CodeIgniter.php(432): CodeIgniter\CodeIgniter->runController(Object(App\Controllers\login\Login))
#9 C:\xampp\htdocs\lexsoft\vendor\codeigniter4\framework\system\CodeIgniter.php(333): CodeIgniter\CodeIgniter->handleRequest(NULL, Object(Config\Cache), false)
#10 C:\xampp\htdocs\lexsoft\public\index.php(44): CodeIgniter\CodeIgniter->run()
#11 {main}
CRITICAL - 2021-04-27 15:29:38 --> include(alerts/alerts.php): failed to open stream: No such file or directory
#0 C:\xampp\htdocs\lexsoft\app\Views\login\template\footer.php(22): CodeIgniter\Debug\Exceptions->errorHandler(2, 'include(alerts/...', 'C:\\xampp\\htdocs...', 22, Array)
#1 C:\xampp\htdocs\lexsoft\app\Views\login\template\footer.php(22): include()
#2 C:\xampp\htdocs\lexsoft\vendor\codeigniter4\framework\system\View\View.php(220): include('C:\\xampp\\htdocs...')
#3 C:\xampp\htdocs\lexsoft\vendor\codeigniter4\framework\system\View\View.php(222): CodeIgniter\View\View->CodeIgniter\View\{closure}()
#4 C:\xampp\htdocs\lexsoft\vendor\codeigniter4\framework\system\Common.php(1217): CodeIgniter\View\View->render('login/template/...', Array, true)
#5 C:\xampp\htdocs\lexsoft\app\Controllers\login\Login.php(88): view('login/template/...')
#6 C:\xampp\htdocs\lexsoft\app\Controllers\login\Login.php(14): App\Controllers\login\Login->vistasPredeterminadas('login', Array)
#7 C:\xampp\htdocs\lexsoft\vendor\codeigniter4\framework\system\CodeIgniter.php(936): App\Controllers\login\Login->index()
#8 C:\xampp\htdocs\lexsoft\vendor\codeigniter4\framework\system\CodeIgniter.php(432): CodeIgniter\CodeIgniter->runController(Object(App\Controllers\login\Login))
#9 C:\xampp\htdocs\lexsoft\vendor\codeigniter4\framework\system\CodeIgniter.php(333): CodeIgniter\CodeIgniter->handleRequest(NULL, Object(Config\Cache), false)
#10 C:\xampp\htdocs\lexsoft\public\index.php(44): CodeIgniter\CodeIgniter->run()
#11 {main}
ERROR - 2021-04-27 17:15:45 --> mysqli_sql_exception: Column 'doc_caso' cannot be null in C:\xampp\htdocs\lexsoft\vendor\codeigniter4\framework\system\Database\MySQLi\Connection.php:314
Stack trace:
#0 C:\xampp\htdocs\lexsoft\vendor\codeigniter4\framework\system\Database\MySQLi\Connection.php(314): mysqli->query('INSERT INTO `le...')
#1 C:\xampp\htdocs\lexsoft\vendor\codeigniter4\framework\system\Database\BaseConnection.php(713): CodeIgniter\Database\MySQLi\Connection->execute('INSERT INTO `le...')
#2 C:\xampp\htdocs\lexsoft\vendor\codeigniter4\framework\system\Database\BaseConnection.php(641): CodeIgniter\Database\BaseConnection->simpleQuery('INSERT INTO `le...')
#3 C:\xampp\htdocs\lexsoft\vendor\codeigniter4\framework\system\Database\BaseBuilder.php(2263): CodeIgniter\Database\BaseConnection->query('INSERT INTO `le...', Array, false)
#4 C:\xampp\htdocs\lexsoft\vendor\codeigniter4\framework\system\Model.php(278): CodeIgniter\Database\BaseBuilder->insert()
#5 C:\xampp\htdocs\lexsoft\vendor\codeigniter4\framework\system\BaseModel.php(758): CodeIgniter\Model->doInsert(Array)
#6 C:\xampp\htdocs\lexsoft\vendor\codeigniter4\framework\system\Model.php(705): CodeIgniter\BaseModel->insert(Array, true)
#7 C:\xampp\htdocs\lexsoft\app\Controllers\cliente\Casos.php(74): CodeIgniter\Model->insert(Array)
#8 C:\xampp\htdocs\lexsoft\vendor\codeigniter4\framework\system\CodeIgniter.php(936): App\Controllers\cliente\Casos->insert_caso()
#9 C:\xampp\htdocs\lexsoft\vendor\codeigniter4\framework\system\CodeIgniter.php(432): CodeIgniter\CodeIgniter->runController(Object(App\Controllers\cliente\Casos))
#10 C:\xampp\htdocs\lexsoft\vendor\codeigniter4\framework\system\CodeIgniter.php(333): CodeIgniter\CodeIgniter->handleRequest(NULL, Object(Config\Cache), false)
#11 C:\xampp\htdocs\lexsoft\public\index.php(44): CodeIgniter\CodeIgniter->run()
#12 {main}
CRITICAL - 2021-04-27 17:15:45 --> Column 'doc_caso' cannot be null
#0 C:\xampp\htdocs\lexsoft\vendor\codeigniter4\framework\system\Database\MySQLi\Connection.php(314): mysqli->query('INSERT INTO `le...')
#1 C:\xampp\htdocs\lexsoft\vendor\codeigniter4\framework\system\Database\BaseConnection.php(713): CodeIgniter\Database\MySQLi\Connection->execute('INSERT INTO `le...')
#2 C:\xampp\htdocs\lexsoft\vendor\codeigniter4\framework\system\Database\BaseConnection.php(641): CodeIgniter\Database\BaseConnection->simpleQuery('INSERT INTO `le...')
#3 C:\xampp\htdocs\lexsoft\vendor\codeigniter4\framework\system\Database\BaseBuilder.php(2263): CodeIgniter\Database\BaseConnection->query('INSERT INTO `le...', Array, false)
#4 C:\xampp\htdocs\lexsoft\vendor\codeigniter4\framework\system\Model.php(278): CodeIgniter\Database\BaseBuilder->insert()
#5 C:\xampp\htdocs\lexsoft\vendor\codeigniter4\framework\system\BaseModel.php(758): CodeIgniter\Model->doInsert(Array)
#6 C:\xampp\htdocs\lexsoft\vendor\codeigniter4\framework\system\Model.php(705): CodeIgniter\BaseModel->insert(Array, true)
#7 C:\xampp\htdocs\lexsoft\app\Controllers\cliente\Casos.php(74): CodeIgniter\Model->insert(Array)
#8 C:\xampp\htdocs\lexsoft\vendor\codeigniter4\framework\system\CodeIgniter.php(936): App\Controllers\cliente\Casos->insert_caso()
#9 C:\xampp\htdocs\lexsoft\vendor\codeigniter4\framework\system\CodeIgniter.php(432): CodeIgniter\CodeIgniter->runController(Object(App\Controllers\cliente\Casos))
#10 C:\xampp\htdocs\lexsoft\vendor\codeigniter4\framework\system\CodeIgniter.php(333): CodeIgniter\CodeIgniter->handleRequest(NULL, Object(Config\Cache), false)
#11 C:\xampp\htdocs\lexsoft\public\index.php(44): CodeIgniter\CodeIgniter->run()
#12 {main}
ERROR - 2021-04-27 17:16:18 --> mysqli_sql_exception: Column 'doc_caso' cannot be null in C:\xampp\htdocs\lexsoft\vendor\codeigniter4\framework\system\Database\MySQLi\Connection.php:314
Stack trace:
#0 C:\xampp\htdocs\lexsoft\vendor\codeigniter4\framework\system\Database\MySQLi\Connection.php(314): mysqli->query('INSERT INTO `le...')
#1 C:\xampp\htdocs\lexsoft\vendor\codeigniter4\framework\system\Database\BaseConnection.php(713): CodeIgniter\Database\MySQLi\Connection->execute('INSERT INTO `le...')
#2 C:\xampp\htdocs\lexsoft\vendor\codeigniter4\framework\system\Database\BaseConnection.php(641): CodeIgniter\Database\BaseConnection->simpleQuery('INSERT INTO `le...')
#3 C:\xampp\htdocs\lexsoft\vendor\codeigniter4\framework\system\Database\BaseBuilder.php(2263): CodeIgniter\Database\BaseConnection->query('INSERT INTO `le...', Array, false)
#4 C:\xampp\htdocs\lexsoft\vendor\codeigniter4\framework\system\Model.php(278): CodeIgniter\Database\BaseBuilder->insert()
#5 C:\xampp\htdocs\lexsoft\vendor\codeigniter4\framework\system\BaseModel.php(758): CodeIgniter\Model->doInsert(Array)
#6 C:\xampp\htdocs\lexsoft\vendor\codeigniter4\framework\system\Model.php(705): CodeIgniter\BaseModel->insert(Array, true)
#7 C:\xampp\htdocs\lexsoft\app\Controllers\cliente\Casos.php(74): CodeIgniter\Model->insert(Array)
#8 C:\xampp\htdocs\lexsoft\vendor\codeigniter4\framework\system\CodeIgniter.php(936): App\Controllers\cliente\Casos->insert_caso()
#9 C:\xampp\htdocs\lexsoft\vendor\codeigniter4\framework\system\CodeIgniter.php(432): CodeIgniter\CodeIgniter->runController(Object(App\Controllers\cliente\Casos))
#10 C:\xampp\htdocs\lexsoft\vendor\codeigniter4\framework\system\CodeIgniter.php(333): CodeIgniter\CodeIgniter->handleRequest(NULL, Object(Config\Cache), false)
#11 C:\xampp\htdocs\lexsoft\public\index.php(44): CodeIgniter\CodeIgniter->run()
#12 {main}
CRITICAL - 2021-04-27 17:16:18 --> Column 'doc_caso' cannot be null
#0 C:\xampp\htdocs\lexsoft\vendor\codeigniter4\framework\system\Database\MySQLi\Connection.php(314): mysqli->query('INSERT INTO `le...')
#1 C:\xampp\htdocs\lexsoft\vendor\codeigniter4\framework\system\Database\BaseConnection.php(713): CodeIgniter\Database\MySQLi\Connection->execute('INSERT INTO `le...')
#2 C:\xampp\htdocs\lexsoft\vendor\codeigniter4\framework\system\Database\BaseConnection.php(641): CodeIgniter\Database\BaseConnection->simpleQuery('INSERT INTO `le...')
#3 C:\xampp\htdocs\lexsoft\vendor\codeigniter4\framework\system\Database\BaseBuilder.php(2263): CodeIgniter\Database\BaseConnection->query('INSERT INTO `le...', Array, false)
#4 C:\xampp\htdocs\lexsoft\vendor\codeigniter4\framework\system\Model.php(278): CodeIgniter\Database\BaseBuilder->insert()
#5 C:\xampp\htdocs\lexsoft\vendor\codeigniter4\framework\system\BaseModel.php(758): CodeIgniter\Model->doInsert(Array)
#6 C:\xampp\htdocs\lexsoft\vendor\codeigniter4\framework\system\Model.php(705): CodeIgniter\BaseModel->insert(Array, true)
#7 C:\xampp\htdocs\lexsoft\app\Controllers\cliente\Casos.php(74): CodeIgniter\Model->insert(Array)
#8 C:\xampp\htdocs\lexsoft\vendor\codeigniter4\framework\system\CodeIgniter.php(936): App\Controllers\cliente\Casos->insert_caso()
#9 C:\xampp\htdocs\lexsoft\vendor\codeigniter4\framework\system\CodeIgniter.php(432): CodeIgniter\CodeIgniter->runController(Object(App\Controllers\cliente\Casos))
#10 C:\xampp\htdocs\lexsoft\vendor\codeigniter4\framework\system\CodeIgniter.php(333): CodeIgniter\CodeIgniter->handleRequest(NULL, Object(Config\Cache), false)
#11 C:\xampp\htdocs\lexsoft\public\index.php(44): CodeIgniter\CodeIgniter->run()
#12 {main}
ERROR - 2021-04-27 17:16:33 --> mysqli_sql_exception: Column 'doc_caso' cannot be null in C:\xampp\htdocs\lexsoft\vendor\codeigniter4\framework\system\Database\MySQLi\Connection.php:314
Stack trace:
#0 C:\xampp\htdocs\lexsoft\vendor\codeigniter4\framework\system\Database\MySQLi\Connection.php(314): mysqli->query('INSERT INTO `le...')
#1 C:\xampp\htdocs\lexsoft\vendor\codeigniter4\framework\system\Database\BaseConnection.php(713): CodeIgniter\Database\MySQLi\Connection->execute('INSERT INTO `le...')
#2 C:\xampp\htdocs\lexsoft\vendor\codeigniter4\framework\system\Database\BaseConnection.php(641): CodeIgniter\Database\BaseConnection->simpleQuery('INSERT INTO `le...')
#3 C:\xampp\htdocs\lexsoft\vendor\codeigniter4\framework\system\Database\BaseBuilder.php(2263): CodeIgniter\Database\BaseConnection->query('INSERT INTO `le...', Array, false)
#4 C:\xampp\htdocs\lexsoft\vendor\codeigniter4\framework\system\Model.php(278): CodeIgniter\Database\BaseBuilder->insert()
#5 C:\xampp\htdocs\lexsoft\vendor\codeigniter4\framework\system\BaseModel.php(758): CodeIgniter\Model->doInsert(Array)
#6 C:\xampp\htdocs\lexsoft\vendor\codeigniter4\framework\system\Model.php(705): CodeIgniter\BaseModel->insert(Array, true)
#7 C:\xampp\htdocs\lexsoft\app\Controllers\cliente\Casos.php(74): CodeIgniter\Model->insert(Array)
#8 C:\xampp\htdocs\lexsoft\vendor\codeigniter4\framework\system\CodeIgniter.php(936): App\Controllers\cliente\Casos->insert_caso()
#9 C:\xampp\htdocs\lexsoft\vendor\codeigniter4\framework\system\CodeIgniter.php(432): CodeIgniter\CodeIgniter->runController(Object(App\Controllers\cliente\Casos))
#10 C:\xampp\htdocs\lexsoft\vendor\codeigniter4\framework\system\CodeIgniter.php(333): CodeIgniter\CodeIgniter->handleRequest(NULL, Object(Config\Cache), false)
#11 C:\xampp\htdocs\lexsoft\public\index.php(44): CodeIgniter\CodeIgniter->run()
#12 {main}
CRITICAL - 2021-04-27 17:16:33 --> Column 'doc_caso' cannot be null
#0 C:\xampp\htdocs\lexsoft\vendor\codeigniter4\framework\system\Database\MySQLi\Connection.php(314): mysqli->query('INSERT INTO `le...')
#1 C:\xampp\htdocs\lexsoft\vendor\codeigniter4\framework\system\Database\BaseConnection.php(713): CodeIgniter\Database\MySQLi\Connection->execute('INSERT INTO `le...')
#2 C:\xampp\htdocs\lexsoft\vendor\codeigniter4\framework\system\Database\BaseConnection.php(641): CodeIgniter\Database\BaseConnection->simpleQuery('INSERT INTO `le...')
#3 C:\xampp\htdocs\lexsoft\vendor\codeigniter4\framework\system\Database\BaseBuilder.php(2263): CodeIgniter\Database\BaseConnection->query('INSERT INTO `le...', Array, false)
#4 C:\xampp\htdocs\lexsoft\vendor\codeigniter4\framework\system\Model.php(278): CodeIgniter\Database\BaseBuilder->insert()
#5 C:\xampp\htdocs\lexsoft\vendor\codeigniter4\framework\system\BaseModel.php(758): CodeIgniter\Model->doInsert(Array)
#6 C:\xampp\htdocs\lexsoft\vendor\codeigniter4\framework\system\Model.php(705): CodeIgniter\BaseModel->insert(Array, true)
#7 C:\xampp\htdocs\lexsoft\app\Controllers\cliente\Casos.php(74): CodeIgniter\Model->insert(Array)
#8 C:\xampp\htdocs\lexsoft\vendor\codeigniter4\framework\system\CodeIgniter.php(936): App\Controllers\cliente\Casos->insert_caso()
#9 C:\xampp\htdocs\lexsoft\vendor\codeigniter4\framework\system\CodeIgniter.php(432): CodeIgniter\CodeIgniter->runController(Object(App\Controllers\cliente\Casos))
#10 C:\xampp\htdocs\lexsoft\vendor\codeigniter4\framework\system\CodeIgniter.php(333): CodeIgniter\CodeIgniter->handleRequest(NULL, Object(Config\Cache), false)
#11 C:\xampp\htdocs\lexsoft\public\index.php(44): CodeIgniter\CodeIgniter->run()
#12 {main}
ERROR - 2021-04-27 17:34:48 --> mysqli_sql_exception: Column 'estado' cannot be null in C:\xampp\htdocs\lexsoft\vendor\codeigniter4\framework\system\Database\MySQLi\Connection.php:314
Stack trace:
#0 C:\xampp\htdocs\lexsoft\vendor\codeigniter4\framework\system\Database\MySQLi\Connection.php(314): mysqli->query('INSERT INTO `le...')
#1 C:\xampp\htdocs\lexsoft\vendor\codeigniter4\framework\system\Database\BaseConnection.php(713): CodeIgniter\Database\MySQLi\Connection->execute('INSERT INTO `le...')
#2 C:\xampp\htdocs\lexsoft\vendor\codeigniter4\framework\system\Database\BaseConnection.php(641): CodeIgniter\Database\BaseConnection->simpleQuery('INSERT INTO `le...')
#3 C:\xampp\htdocs\lexsoft\vendor\codeigniter4\framework\system\Database\BaseBuilder.php(2263): CodeIgniter\Database\BaseConnection->query('INSERT INTO `le...', Array, false)
#4 C:\xampp\htdocs\lexsoft\vendor\codeigniter4\framework\system\Model.php(278): CodeIgniter\Database\BaseBuilder->insert()
#5 C:\xampp\htdocs\lexsoft\vendor\codeigniter4\framework\system\BaseModel.php(758): CodeIgniter\Model->doInsert(Array)
#6 C:\xampp\htdocs\lexsoft\vendor\codeigniter4\framework\system\Model.php(705): CodeIgniter\BaseModel->insert(Array, true)
#7 C:\xampp\htdocs\lexsoft\app\Controllers\cliente\Casos.php(74): CodeIgniter\Model->insert(Array)
#8 C:\xampp\htdocs\lexsoft\vendor\codeigniter4\framework\system\CodeIgniter.php(936): App\Controllers\cliente\Casos->insert_caso()
#9 C:\xampp\htdocs\lexsoft\vendor\codeigniter4\framework\system\CodeIgniter.php(432): CodeIgniter\CodeIgniter->runController(Object(App\Controllers\cliente\Casos))
#10 C:\xampp\htdocs\lexsoft\vendor\codeigniter4\framework\system\CodeIgniter.php(333): CodeIgniter\CodeIgniter->handleRequest(NULL, Object(Config\Cache), false)
#11 C:\xampp\htdocs\lexsoft\public\index.php(44): CodeIgniter\CodeIgniter->run()
#12 {main}
CRITICAL - 2021-04-27 17:34:48 --> Column 'estado' cannot be null
#0 C:\xampp\htdocs\lexsoft\vendor\codeigniter4\framework\system\Database\MySQLi\Connection.php(314): mysqli->query('INSERT INTO `le...')
#1 C:\xampp\htdocs\lexsoft\vendor\codeigniter4\framework\system\Database\BaseConnection.php(713): CodeIgniter\Database\MySQLi\Connection->execute('INSERT INTO `le...')
#2 C:\xampp\htdocs\lexsoft\vendor\codeigniter4\framework\system\Database\BaseConnection.php(641): CodeIgniter\Database\BaseConnection->simpleQuery('INSERT INTO `le...')
#3 C:\xampp\htdocs\lexsoft\vendor\codeigniter4\framework\system\Database\BaseBuilder.php(2263): CodeIgniter\Database\BaseConnection->query('INSERT INTO `le...', Array, false)
#4 C:\xampp\htdocs\lexsoft\vendor\codeigniter4\framework\system\Model.php(278): CodeIgniter\Database\BaseBuilder->insert()
#5 C:\xampp\htdocs\lexsoft\vendor\codeigniter4\framework\system\BaseModel.php(758): CodeIgniter\Model->doInsert(Array)
#6 C:\xampp\htdocs\lexsoft\vendor\codeigniter4\framework\system\Model.php(705): CodeIgniter\BaseModel->insert(Array, true)
#7 C:\xampp\htdocs\lexsoft\app\Controllers\cliente\Casos.php(74): CodeIgniter\Model->insert(Array)
#8 C:\xampp\htdocs\lexsoft\vendor\codeigniter4\framework\system\CodeIgniter.php(936): App\Controllers\cliente\Casos->insert_caso()
#9 C:\xampp\htdocs\lexsoft\vendor\codeigniter4\framework\system\CodeIgniter.php(432): CodeIgniter\CodeIgniter->runController(Object(App\Controllers\cliente\Casos))
#10 C:\xampp\htdocs\lexsoft\vendor\codeigniter4\framework\system\CodeIgniter.php(333): CodeIgniter\CodeIgniter->handleRequest(NULL, Object(Config\Cache), false)
#11 C:\xampp\htdocs\lexsoft\public\index.php(44): CodeIgniter\CodeIgniter->run()
#12 {main}
ERROR - 2021-04-27 17:35:30 --> mysqli_sql_exception: Column 'estado' cannot be null in C:\xampp\htdocs\lexsoft\vendor\codeigniter4\framework\system\Database\MySQLi\Connection.php:314
Stack trace:
#0 C:\xampp\htdocs\lexsoft\vendor\codeigniter4\framework\system\Database\MySQLi\Connection.php(314): mysqli->query('INSERT INTO `le...')
#1 C:\xampp\htdocs\lexsoft\vendor\codeigniter4\framework\system\Database\BaseConnection.php(713): CodeIgniter\Database\MySQLi\Connection->execute('INSERT INTO `le...')
#2 C:\xampp\htdocs\lexsoft\vendor\codeigniter4\framework\system\Database\BaseConnection.php(641): CodeIgniter\Database\BaseConnection->simpleQuery('INSERT INTO `le...')
#3 C:\xampp\htdocs\lexsoft\vendor\codeigniter4\framework\system\Database\BaseBuilder.php(2263): CodeIgniter\Database\BaseConnection->query('INSERT INTO `le...', Array, false)
#4 C:\xampp\htdocs\lexsoft\vendor\codeigniter4\framework\system\Model.php(278): CodeIgniter\Database\BaseBuilder->insert()
#5 C:\xampp\htdocs\lexsoft\vendor\codeigniter4\framework\system\BaseModel.php(758): CodeIgniter\Model->doInsert(Array)
#6 C:\xampp\htdocs\lexsoft\vendor\codeigniter4\framework\system\Model.php(705): CodeIgniter\BaseModel->insert(Array, true)
#7 C:\xampp\htdocs\lexsoft\app\Controllers\cliente\Casos.php(74): CodeIgniter\Model->insert(Array)
#8 C:\xampp\htdocs\lexsoft\vendor\codeigniter4\framework\system\CodeIgniter.php(936): App\Controllers\cliente\Casos->insert_caso()
#9 C:\xampp\htdocs\lexsoft\vendor\codeigniter4\framework\system\CodeIgniter.php(432): CodeIgniter\CodeIgniter->runController(Object(App\Controllers\cliente\Casos))
#10 C:\xampp\htdocs\lexsoft\vendor\codeigniter4\framework\system\CodeIgniter.php(333): CodeIgniter\CodeIgniter->handleRequest(NULL, Object(Config\Cache), false)
#11 C:\xampp\htdocs\lexsoft\public\index.php(44): CodeIgniter\CodeIgniter->run()
#12 {main}
CRITICAL - 2021-04-27 17:35:30 --> Column 'estado' cannot be null
#0 C:\xampp\htdocs\lexsoft\vendor\codeigniter4\framework\system\Database\MySQLi\Connection.php(314): mysqli->query('INSERT INTO `le...')
#1 C:\xampp\htdocs\lexsoft\vendor\codeigniter4\framework\system\Database\BaseConnection.php(713): CodeIgniter\Database\MySQLi\Connection->execute('INSERT INTO `le...')
#2 C:\xampp\htdocs\lexsoft\vendor\codeigniter4\framework\system\Database\BaseConnection.php(641): CodeIgniter\Database\BaseConnection->simpleQuery('INSERT INTO `le...')
#3 C:\xampp\htdocs\lexsoft\vendor\codeigniter4\framework\system\Database\BaseBuilder.php(2263): CodeIgniter\Database\BaseConnection->query('INSERT INTO `le...', Array, false)
#4 C:\xampp\htdocs\lexsoft\vendor\codeigniter4\framework\system\Model.php(278): CodeIgniter\Database\BaseBuilder->insert()
#5 C:\xampp\htdocs\lexsoft\vendor\codeigniter4\framework\system\BaseModel.php(758): CodeIgniter\Model->doInsert(Array)
#6 C:\xampp\htdocs\lexsoft\vendor\codeigniter4\framework\system\Model.php(705): CodeIgniter\BaseModel->insert(Array, true)
#7 C:\xampp\htdocs\lexsoft\app\Controllers\cliente\Casos.php(74): CodeIgniter\Model->insert(Array)
#8 C:\xampp\htdocs\lexsoft\vendor\codeigniter4\framework\system\CodeIgniter.php(936): App\Controllers\cliente\Casos->insert_caso()
#9 C:\xampp\htdocs\lexsoft\vendor\codeigniter4\framework\system\CodeIgniter.php(432): CodeIgniter\CodeIgniter->runController(Object(App\Controllers\cliente\Casos))
#10 C:\xampp\htdocs\lexsoft\vendor\codeigniter4\framework\system\CodeIgniter.php(333): CodeIgniter\CodeIgniter->handleRequest(NULL, Object(Config\Cache), false)
#11 C:\xampp\htdocs\lexsoft\public\index.php(44): CodeIgniter\CodeIgniter->run()
#12 {main}
CRITICAL - 2021-04-27 17:56:09 --> Undefined variable: mensaje
#0 C:\xampp\htdocs\lexsoft\public\js\alerts\alerts.php(2): CodeIgniter\Debug\Exceptions->errorHandler(8, 'Undefined varia...', 'C:\\xampp\\htdocs...', 2, Array)
#1 C:\xampp\htdocs\lexsoft\app\Views\cliente\template\headerCliente.php(8): include('C:\\xampp\\htdocs...')
#2 C:\xampp\htdocs\lexsoft\vendor\codeigniter4\framework\system\View\View.php(220): include('C:\\xampp\\htdocs...')
#3 C:\xampp\htdocs\lexsoft\vendor\codeigniter4\framework\system\View\View.php(222): CodeIgniter\View\View->CodeIgniter\View\{closure}()
#4 C:\xampp\htdocs\lexsoft\vendor\codeigniter4\framework\system\Common.php(1217): CodeIgniter\View\View->render('cliente/templat...', Array, true)
#5 C:\xampp\htdocs\lexsoft\app\Controllers\cliente\Casos.php(25): view('cliente/templat...')
#6 C:\xampp\htdocs\lexsoft\app\Controllers\cliente\Casos.php(21): App\Controllers\cliente\Casos->vistaDashboarCliente('casos/nuevoCaso', Array)
#7 C:\xampp\htdocs\lexsoft\vendor\codeigniter4\framework\system\CodeIgniter.php(936): App\Controllers\cliente\Casos->nuevo_caso()
#8 C:\xampp\htdocs\lexsoft\vendor\codeigniter4\framework\system\CodeIgniter.php(432): CodeIgniter\CodeIgniter->runController(Object(App\Controllers\cliente\Casos))
#9 C:\xampp\htdocs\lexsoft\vendor\codeigniter4\framework\system\CodeIgniter.php(333): CodeIgniter\CodeIgniter->handleRequest(NULL, Object(Config\Cache), false)
#10 C:\xampp\htdocs\lexsoft\public\index.php(44): CodeIgniter\CodeIgniter->run()
#11 {main}
CRITICAL - 2021-04-27 17:56:24 --> Undefined variable: mensaje
#0 C:\xampp\htdocs\lexsoft\public\js\alerts\alerts.php(2): CodeIgniter\Debug\Exceptions->errorHandler(8, 'Undefined varia...', 'C:\\xampp\\htdocs...', 2, Array)
#1 C:\xampp\htdocs\lexsoft\app\Views\cliente\template\headerCliente.php(8): include('C:\\xampp\\htdocs...')
#2 C:\xampp\htdocs\lexsoft\vendor\codeigniter4\framework\system\View\View.php(220): include('C:\\xampp\\htdocs...')
#3 C:\xampp\htdocs\lexsoft\vendor\codeigniter4\framework\system\View\View.php(222): CodeIgniter\View\View->CodeIgniter\View\{closure}()
#4 C:\xampp\htdocs\lexsoft\vendor\codeigniter4\framework\system\Common.php(1217): CodeIgniter\View\View->render('cliente/templat...', Array, true)
#5 C:\xampp\htdocs\lexsoft\app\Controllers\cliente\Casos.php(25): view('cliente/templat...')
#6 C:\xampp\htdocs\lexsoft\app\Controllers\cliente\Casos.php(21): App\Controllers\cliente\Casos->vistaDashboarCliente('casos/nuevoCaso', Array)
#7 C:\xampp\htdocs\lexsoft\vendor\codeigniter4\framework\system\CodeIgniter.php(936): App\Controllers\cliente\Casos->nuevo_caso()
#8 C:\xampp\htdocs\lexsoft\vendor\codeigniter4\framework\system\CodeIgniter.php(432): CodeIgniter\CodeIgniter->runController(Object(App\Controllers\cliente\Casos))
#9 C:\xampp\htdocs\lexsoft\vendor\codeigniter4\framework\system\CodeIgniter.php(333): CodeIgniter\CodeIgniter->handleRequest(NULL, Object(Config\Cache), false)
#10 C:\xampp\htdocs\lexsoft\public\index.php(44): CodeIgniter\CodeIgniter->run()
#11 {main}
CRITICAL - 2021-04-27 17:56:25 --> Undefined variable: mensaje
#0 C:\xampp\htdocs\lexsoft\public\js\alerts\alerts.php(2): CodeIgniter\Debug\Exceptions->errorHandler(8, 'Undefined varia...', 'C:\\xampp\\htdocs...', 2, Array)
#1 C:\xampp\htdocs\lexsoft\app\Views\cliente\template\headerCliente.php(8): include('C:\\xampp\\htdocs...')
#2 C:\xampp\htdocs\lexsoft\vendor\codeigniter4\framework\system\View\View.php(220): include('C:\\xampp\\htdocs...')
#3 C:\xampp\htdocs\lexsoft\vendor\codeigniter4\framework\system\View\View.php(222): CodeIgniter\View\View->CodeIgniter\View\{closure}()
#4 C:\xampp\htdocs\lexsoft\vendor\codeigniter4\framework\system\Common.php(1217): CodeIgniter\View\View->render('cliente/templat...', Array, true)
#5 C:\xampp\htdocs\lexsoft\app\Controllers\cliente\Casos.php(25): view('cliente/templat...')
#6 C:\xampp\htdocs\lexsoft\app\Controllers\cliente\Casos.php(21): App\Controllers\cliente\Casos->vistaDashboarCliente('casos/nuevoCaso', Array)
#7 C:\xampp\htdocs\lexsoft\vendor\codeigniter4\framework\system\CodeIgniter.php(936): App\Controllers\cliente\Casos->nuevo_caso()
#8 C:\xampp\htdocs\lexsoft\vendor\codeigniter4\framework\system\CodeIgniter.php(432): CodeIgniter\CodeIgniter->runController(Object(App\Controllers\cliente\Casos))
#9 C:\xampp\htdocs\lexsoft\vendor\codeigniter4\framework\system\CodeIgniter.php(333): CodeIgniter\CodeIgniter->handleRequest(NULL, Object(Config\Cache), false)
#10 C:\xampp\htdocs\lexsoft\public\index.php(44): CodeIgniter\CodeIgniter->run()
#11 {main}
CRITICAL - 2021-04-27 17:56:38 --> Undefined variable: mensaje
#0 C:\xampp\htdocs\lexsoft\public\js\alerts\alerts.php(2): CodeIgniter\Debug\Exceptions->errorHandler(8, 'Undefined varia...', 'C:\\xampp\\htdocs...', 2, Array)
#1 C:\xampp\htdocs\lexsoft\app\Views\cliente\template\headerCliente.php(8): include('C:\\xampp\\htdocs...')
#2 C:\xampp\htdocs\lexsoft\vendor\codeigniter4\framework\system\View\View.php(220): include('C:\\xampp\\htdocs...')
#3 C:\xampp\htdocs\lexsoft\vendor\codeigniter4\framework\system\View\View.php(222): CodeIgniter\View\View->CodeIgniter\View\{closure}()
#4 C:\xampp\htdocs\lexsoft\vendor\codeigniter4\framework\system\Common.php(1217): CodeIgniter\View\View->render('cliente/templat...', Array, true)
#5 C:\xampp\htdocs\lexsoft\app\Controllers\cliente\Dashboard.php(25): view('cliente/templat...')
#6 C:\xampp\htdocs\lexsoft\app\Controllers\cliente\Dashboard.php(13): App\Controllers\cliente\Dashboard->vistaDashboarCliente('dashboardClient...', Array)
#7 C:\xampp\htdocs\lexsoft\vendor\codeigniter4\framework\system\CodeIgniter.php(936): App\Controllers\cliente\Dashboard->index()
#8 C:\xampp\htdocs\lexsoft\vendor\codeigniter4\framework\system\CodeIgniter.php(432): CodeIgniter\CodeIgniter->runController(Object(App\Controllers\cliente\Dashboard))
#9 C:\xampp\htdocs\lexsoft\vendor\codeigniter4\framework\system\CodeIgniter.php(333): CodeIgniter\CodeIgniter->handleRequest(NULL, Object(Config\Cache), false)
#10 C:\xampp\htdocs\lexsoft\public\index.php(44): CodeIgniter\CodeIgniter->run()
#11 {main}
ERROR - 2021-04-27 18:37:38 --> mysqli_sql_exception: Column 'estado' cannot be null in C:\xampp\htdocs\lexsoft\vendor\codeigniter4\framework\system\Database\MySQLi\Connection.php:314
Stack trace:
#0 C:\xampp\htdocs\lexsoft\vendor\codeigniter4\framework\system\Database\MySQLi\Connection.php(314): mysqli->query('INSERT INTO `le...')
#1 C:\xampp\htdocs\lexsoft\vendor\codeigniter4\framework\system\Database\BaseConnection.php(713): CodeIgniter\Database\MySQLi\Connection->execute('INSERT INTO `le...')
#2 C:\xampp\htdocs\lexsoft\vendor\codeigniter4\framework\system\Database\BaseConnection.php(641): CodeIgniter\Database\BaseConnection->simpleQuery('INSERT INTO `le...')
#3 C:\xampp\htdocs\lexsoft\vendor\codeigniter4\framework\system\Database\BaseBuilder.php(2263): CodeIgniter\Database\BaseConnection->query('INSERT INTO `le...', Array, false)
#4 C:\xampp\htdocs\lexsoft\vendor\codeigniter4\framework\system\Model.php(278): CodeIgniter\Database\BaseBuilder->insert()
#5 C:\xampp\htdocs\lexsoft\vendor\codeigniter4\framework\system\BaseModel.php(758): CodeIgniter\Model->doInsert(Array)
#6 C:\xampp\htdocs\lexsoft\vendor\codeigniter4\framework\system\Model.php(705): CodeIgniter\BaseModel->insert(Array, true)
#7 C:\xampp\htdocs\lexsoft\app\Controllers\cliente\Casos.php(74): CodeIgniter\Model->insert(Array)
#8 C:\xampp\htdocs\lexsoft\vendor\codeigniter4\framework\system\CodeIgniter.php(936): App\Controllers\cliente\Casos->insert_caso()
#9 C:\xampp\htdocs\lexsoft\vendor\codeigniter4\framework\system\CodeIgniter.php(432): CodeIgniter\CodeIgniter->runController(Object(App\Controllers\cliente\Casos))
#10 C:\xampp\htdocs\lexsoft\vendor\codeigniter4\framework\system\CodeIgniter.php(333): CodeIgniter\CodeIgniter->handleRequest(NULL, Object(Config\Cache), false)
#11 C:\xampp\htdocs\lexsoft\public\index.php(44): CodeIgniter\CodeIgniter->run()
#12 {main}
CRITICAL - 2021-04-27 18:37:38 --> Column 'estado' cannot be null
#0 C:\xampp\htdocs\lexsoft\vendor\codeigniter4\framework\system\Database\MySQLi\Connection.php(314): mysqli->query('INSERT INTO `le...')
#1 C:\xampp\htdocs\lexsoft\vendor\codeigniter4\framework\system\Database\BaseConnection.php(713): CodeIgniter\Database\MySQLi\Connection->execute('INSERT INTO `le...')
#2 C:\xampp\htdocs\lexsoft\vendor\codeigniter4\framework\system\Database\BaseConnection.php(641): CodeIgniter\Database\BaseConnection->simpleQuery('INSERT INTO `le...')
#3 C:\xampp\htdocs\lexsoft\vendor\codeigniter4\framework\system\Database\BaseBuilder.php(2263): CodeIgniter\Database\BaseConnection->query('INSERT INTO `le...', Array, false)
#4 C:\xampp\htdocs\lexsoft\vendor\codeigniter4\framework\system\Model.php(278): CodeIgniter\Database\BaseBuilder->insert()
#5 C:\xampp\htdocs\lexsoft\vendor\codeigniter4\framework\system\BaseModel.php(758): CodeIgniter\Model->doInsert(Array)
#6 C:\xampp\htdocs\lexsoft\vendor\codeigniter4\framework\system\Model.php(705): CodeIgniter\BaseModel->insert(Array, true)
#7 C:\xampp\htdocs\lexsoft\app\Controllers\cliente\Casos.php(74): CodeIgniter\Model->insert(Array)
#8 C:\xampp\htdocs\lexsoft\vendor\codeigniter4\framework\system\CodeIgniter.php(936): App\Controllers\cliente\Casos->insert_caso()
#9 C:\xampp\htdocs\lexsoft\vendor\codeigniter4\framework\system\CodeIgniter.php(432): CodeIgniter\CodeIgniter->runController(Object(App\Controllers\cliente\Casos))
#10 C:\xampp\htdocs\lexsoft\vendor\codeigniter4\framework\system\CodeIgniter.php(333): CodeIgniter\CodeIgniter->handleRequest(NULL, Object(Config\Cache), false)
#11 C:\xampp\htdocs\lexsoft\public\index.php(44): CodeIgniter\CodeIgniter->run()
#12 {main}
