CRITICAL - 2021-04-22 14:21:08 --> syntax error, unexpected 'if' (T_IF)
#0 C:\xampp\htdocs\lexsoft\vendor\codeigniter4\framework\system\CodeIgniter.php(385): CodeIgniter\CodeIgniter->tryToRouteIt(NULL)
#1 C:\xampp\htdocs\lexsoft\vendor\codeigniter4\framework\system\CodeIgniter.php(333): CodeIgniter\CodeIgniter->handleRequest(NULL, Object(Config\Cache), false)
#2 C:\xampp\htdocs\lexsoft\public\index.php(44): CodeIgniter\CodeIgniter->run()
#3 {main}
CRITICAL - 2021-04-22 14:21:25 --> syntax error, unexpected 'if' (T_IF)
#0 C:\xampp\htdocs\lexsoft\vendor\codeigniter4\framework\system\CodeIgniter.php(385): CodeIgniter\CodeIgniter->tryToRouteIt(NULL)
#1 C:\xampp\htdocs\lexsoft\vendor\codeigniter4\framework\system\CodeIgniter.php(333): CodeIgniter\CodeIgniter->handleRequest(NULL, Object(Config\Cache), false)
#2 C:\xampp\htdocs\lexsoft\public\index.php(44): CodeIgniter\CodeIgniter->run()
#3 {main}
CRITICAL - 2021-04-22 14:22:00 --> syntax error, unexpected 'if' (T_IF)
#0 C:\xampp\htdocs\lexsoft\vendor\codeigniter4\framework\system\CodeIgniter.php(385): CodeIgniter\CodeIgniter->tryToRouteIt(NULL)
#1 C:\xampp\htdocs\lexsoft\vendor\codeigniter4\framework\system\CodeIgniter.php(333): CodeIgniter\CodeIgniter->handleRequest(NULL, Object(Config\Cache), false)
#2 C:\xampp\htdocs\lexsoft\public\index.php(44): CodeIgniter\CodeIgniter->run()
#3 {main}
CRITICAL - 2021-04-22 14:22:01 --> syntax error, unexpected 'if' (T_IF)
#0 C:\xampp\htdocs\lexsoft\vendor\codeigniter4\framework\system\CodeIgniter.php(385): CodeIgniter\CodeIgniter->tryToRouteIt(NULL)
#1 C:\xampp\htdocs\lexsoft\vendor\codeigniter4\framework\system\CodeIgniter.php(333): CodeIgniter\CodeIgniter->handleRequest(NULL, Object(Config\Cache), false)
#2 C:\xampp\htdocs\lexsoft\public\index.php(44): CodeIgniter\CodeIgniter->run()
#3 {main}
CRITICAL - 2021-04-22 14:22:04 --> syntax error, unexpected 'if' (T_IF)
#0 C:\xampp\htdocs\lexsoft\vendor\codeigniter4\framework\system\CodeIgniter.php(385): CodeIgniter\CodeIgniter->tryToRouteIt(NULL)
#1 C:\xampp\htdocs\lexsoft\vendor\codeigniter4\framework\system\CodeIgniter.php(333): CodeIgniter\CodeIgniter->handleRequest(NULL, Object(Config\Cache), false)
#2 C:\xampp\htdocs\lexsoft\public\index.php(44): CodeIgniter\CodeIgniter->run()
#3 {main}
CRITICAL - 2021-04-22 14:22:14 --> syntax error, unexpected 'if' (T_IF)
#0 C:\xampp\htdocs\lexsoft\vendor\codeigniter4\framework\system\CodeIgniter.php(385): CodeIgniter\CodeIgniter->tryToRouteIt(NULL)
#1 C:\xampp\htdocs\lexsoft\vendor\codeigniter4\framework\system\CodeIgniter.php(333): CodeIgniter\CodeIgniter->handleRequest(NULL, Object(Config\Cache), false)
#2 C:\xampp\htdocs\lexsoft\public\index.php(44): CodeIgniter\CodeIgniter->run()
#3 {main}
CRITICAL - 2021-04-22 14:22:15 --> syntax error, unexpected 'if' (T_IF)
#0 C:\xampp\htdocs\lexsoft\vendor\codeigniter4\framework\system\CodeIgniter.php(385): CodeIgniter\CodeIgniter->tryToRouteIt(NULL)
#1 C:\xampp\htdocs\lexsoft\vendor\codeigniter4\framework\system\CodeIgniter.php(333): CodeIgniter\CodeIgniter->handleRequest(NULL, Object(Config\Cache), false)
#2 C:\xampp\htdocs\lexsoft\public\index.php(44): CodeIgniter\CodeIgniter->run()
#3 {main}
CRITICAL - 2021-04-22 14:22:15 --> syntax error, unexpected 'if' (T_IF)
#0 C:\xampp\htdocs\lexsoft\vendor\codeigniter4\framework\system\CodeIgniter.php(385): CodeIgniter\CodeIgniter->tryToRouteIt(NULL)
#1 C:\xampp\htdocs\lexsoft\vendor\codeigniter4\framework\system\CodeIgniter.php(333): CodeIgniter\CodeIgniter->handleRequest(NULL, Object(Config\Cache), false)
#2 C:\xampp\htdocs\lexsoft\public\index.php(44): CodeIgniter\CodeIgniter->run()
#3 {main}
CRITICAL - 2021-04-22 14:22:15 --> syntax error, unexpected 'if' (T_IF)
#0 C:\xampp\htdocs\lexsoft\vendor\codeigniter4\framework\system\CodeIgniter.php(385): CodeIgniter\CodeIgniter->tryToRouteIt(NULL)
#1 C:\xampp\htdocs\lexsoft\vendor\codeigniter4\framework\system\CodeIgniter.php(333): CodeIgniter\CodeIgniter->handleRequest(NULL, Object(Config\Cache), false)
#2 C:\xampp\htdocs\lexsoft\public\index.php(44): CodeIgniter\CodeIgniter->run()
#3 {main}
CRITICAL - 2021-04-22 14:22:15 --> syntax error, unexpected 'if' (T_IF)
#0 C:\xampp\htdocs\lexsoft\vendor\codeigniter4\framework\system\CodeIgniter.php(385): CodeIgniter\CodeIgniter->tryToRouteIt(NULL)
#1 C:\xampp\htdocs\lexsoft\vendor\codeigniter4\framework\system\CodeIgniter.php(333): CodeIgniter\CodeIgniter->handleRequest(NULL, Object(Config\Cache), false)
#2 C:\xampp\htdocs\lexsoft\public\index.php(44): CodeIgniter\CodeIgniter->run()
#3 {main}
CRITICAL - 2021-04-22 14:22:15 --> syntax error, unexpected 'if' (T_IF)
#0 C:\xampp\htdocs\lexsoft\vendor\codeigniter4\framework\system\CodeIgniter.php(385): CodeIgniter\CodeIgniter->tryToRouteIt(NULL)
#1 C:\xampp\htdocs\lexsoft\vendor\codeigniter4\framework\system\CodeIgniter.php(333): CodeIgniter\CodeIgniter->handleRequest(NULL, Object(Config\Cache), false)
#2 C:\xampp\htdocs\lexsoft\public\index.php(44): CodeIgniter\CodeIgniter->run()
#3 {main}
CRITICAL - 2021-04-22 15:45:09 --> Undefined index: dui
#0 C:\xampp\htdocs\lexsoft\app\Controllers\cliente\Casos.php(42): CodeIgniter\Debug\Exceptions->errorHandler(8, 'Undefined index...', 'C:\\xampp\\htdocs...', 42, Array)
#1 C:\xampp\htdocs\lexsoft\vendor\codeigniter4\framework\system\CodeIgniter.php(936): App\Controllers\cliente\Casos->buscarPlantilla()
#2 C:\xampp\htdocs\lexsoft\vendor\codeigniter4\framework\system\CodeIgniter.php(432): CodeIgniter\CodeIgniter->runController(Object(App\Controllers\cliente\Casos))
#3 C:\xampp\htdocs\lexsoft\vendor\codeigniter4\framework\system\CodeIgniter.php(333): CodeIgniter\CodeIgniter->handleRequest(NULL, Object(Config\Cache), false)
#4 C:\xampp\htdocs\lexsoft\public\index.php(44): CodeIgniter\CodeIgniter->run()
#5 {main}
ERROR - 2021-04-22 15:45:09 --> mysqli_sql_exception: Column 'primer_nombre' cannot be null in C:\xampp\htdocs\lexsoft\vendor\codeigniter4\framework\system\Database\MySQLi\Connection.php:314
Stack trace:
#0 C:\xampp\htdocs\lexsoft\vendor\codeigniter4\framework\system\Database\MySQLi\Connection.php(314): mysqli->query('INSERT INTO `le...')
#1 C:\xampp\htdocs\lexsoft\vendor\codeigniter4\framework\system\Database\BaseConnection.php(713): CodeIgniter\Database\MySQLi\Connection->execute('INSERT INTO `le...')
#2 C:\xampp\htdocs\lexsoft\vendor\codeigniter4\framework\system\Database\BaseConnection.php(641): CodeIgniter\Database\BaseConnection->simpleQuery('INSERT INTO `le...')
#3 C:\xampp\htdocs\lexsoft\vendor\codeigniter4\framework\system\Database\BaseBuilder.php(2263): CodeIgniter\Database\BaseConnection->query('INSERT INTO `le...', Array, false)
#4 C:\xampp\htdocs\lexsoft\vendor\codeigniter4\framework\system\Model.php(278): CodeIgniter\Database\BaseBuilder->insert()
#5 C:\xampp\htdocs\lexsoft\vendor\codeigniter4\framework\system\BaseModel.php(758): CodeIgniter\Model->doInsert(Array)
#6 C:\xampp\htdocs\lexsoft\vendor\codeigniter4\framework\system\Model.php(705): CodeIgniter\BaseModel->insert(Array, true)
#7 C:\xampp\htdocs\lexsoft\app\Controllers\cliente\UserCliente.php(50): CodeIgniter\Model->insert(Array)
#8 C:\xampp\htdocs\lexsoft\vendor\codeigniter4\framework\system\CodeIgniter.php(936): App\Controllers\cliente\UserCliente->insert_user()
#9 C:\xampp\htdocs\lexsoft\vendor\codeigniter4\framework\system\CodeIgniter.php(432): CodeIgniter\CodeIgniter->runController(Object(App\Controllers\cliente\UserCliente))
#10 C:\xampp\htdocs\lexsoft\vendor\codeigniter4\framework\system\CodeIgniter.php(333): CodeIgniter\CodeIgniter->handleRequest(NULL, Object(Config\Cache), false)
#11 C:\xampp\htdocs\lexsoft\public\index.php(44): CodeIgniter\CodeIgniter->run()
#12 {main}
CRITICAL - 2021-04-22 15:45:09 --> Column 'primer_nombre' cannot be null
#0 C:\xampp\htdocs\lexsoft\vendor\codeigniter4\framework\system\Database\MySQLi\Connection.php(314): mysqli->query('INSERT INTO `le...')
#1 C:\xampp\htdocs\lexsoft\vendor\codeigniter4\framework\system\Database\BaseConnection.php(713): CodeIgniter\Database\MySQLi\Connection->execute('INSERT INTO `le...')
#2 C:\xampp\htdocs\lexsoft\vendor\codeigniter4\framework\system\Database\BaseConnection.php(641): CodeIgniter\Database\BaseConnection->simpleQuery('INSERT INTO `le...')
#3 C:\xampp\htdocs\lexsoft\vendor\codeigniter4\framework\system\Database\BaseBuilder.php(2263): CodeIgniter\Database\BaseConnection->query('INSERT INTO `le...', Array, false)
#4 C:\xampp\htdocs\lexsoft\vendor\codeigniter4\framework\system\Model.php(278): CodeIgniter\Database\BaseBuilder->insert()
#5 C:\xampp\htdocs\lexsoft\vendor\codeigniter4\framework\system\BaseModel.php(758): CodeIgniter\Model->doInsert(Array)
#6 C:\xampp\htdocs\lexsoft\vendor\codeigniter4\framework\system\Model.php(705): CodeIgniter\BaseModel->insert(Array, true)
#7 C:\xampp\htdocs\lexsoft\app\Controllers\cliente\UserCliente.php(50): CodeIgniter\Model->insert(Array)
#8 C:\xampp\htdocs\lexsoft\vendor\codeigniter4\framework\system\CodeIgniter.php(936): App\Controllers\cliente\UserCliente->insert_user()
#9 C:\xampp\htdocs\lexsoft\vendor\codeigniter4\framework\system\CodeIgniter.php(432): CodeIgniter\CodeIgniter->runController(Object(App\Controllers\cliente\UserCliente))
#10 C:\xampp\htdocs\lexsoft\vendor\codeigniter4\framework\system\CodeIgniter.php(333): CodeIgniter\CodeIgniter->handleRequest(NULL, Object(Config\Cache), false)
#11 C:\xampp\htdocs\lexsoft\public\index.php(44): CodeIgniter\CodeIgniter->run()
#12 {main}
CRITICAL - 2021-04-22 15:45:36 --> Undefined index: dui
#0 C:\xampp\htdocs\lexsoft\app\Controllers\cliente\Casos.php(42): CodeIgniter\Debug\Exceptions->errorHandler(8, 'Undefined index...', 'C:\\xampp\\htdocs...', 42, Array)
#1 C:\xampp\htdocs\lexsoft\vendor\codeigniter4\framework\system\CodeIgniter.php(936): App\Controllers\cliente\Casos->buscarPlantilla()
#2 C:\xampp\htdocs\lexsoft\vendor\codeigniter4\framework\system\CodeIgniter.php(432): CodeIgniter\CodeIgniter->runController(Object(App\Controllers\cliente\Casos))
#3 C:\xampp\htdocs\lexsoft\vendor\codeigniter4\framework\system\CodeIgniter.php(333): CodeIgniter\CodeIgniter->handleRequest(NULL, Object(Config\Cache), false)
#4 C:\xampp\htdocs\lexsoft\public\index.php(44): CodeIgniter\CodeIgniter->run()
#5 {main}
CRITICAL - 2021-04-22 15:46:06 --> Undefined index: dui
#0 C:\xampp\htdocs\lexsoft\app\Controllers\cliente\Casos.php(42): CodeIgniter\Debug\Exceptions->errorHandler(8, 'Undefined index...', 'C:\\xampp\\htdocs...', 42, Array)
#1 C:\xampp\htdocs\lexsoft\vendor\codeigniter4\framework\system\CodeIgniter.php(936): App\Controllers\cliente\Casos->buscarPlantilla()
#2 C:\xampp\htdocs\lexsoft\vendor\codeigniter4\framework\system\CodeIgniter.php(432): CodeIgniter\CodeIgniter->runController(Object(App\Controllers\cliente\Casos))
#3 C:\xampp\htdocs\lexsoft\vendor\codeigniter4\framework\system\CodeIgniter.php(333): CodeIgniter\CodeIgniter->handleRequest(NULL, Object(Config\Cache), false)
#4 C:\xampp\htdocs\lexsoft\public\index.php(44): CodeIgniter\CodeIgniter->run()
#5 {main}
CRITICAL - 2021-04-22 15:48:48 --> Undefined index: dui
#0 C:\xampp\htdocs\lexsoft\app\Controllers\cliente\Casos.php(42): CodeIgniter\Debug\Exceptions->errorHandler(8, 'Undefined index...', 'C:\\xampp\\htdocs...', 42, Array)
#1 C:\xampp\htdocs\lexsoft\vendor\codeigniter4\framework\system\CodeIgniter.php(936): App\Controllers\cliente\Casos->buscarPlantilla()
#2 C:\xampp\htdocs\lexsoft\vendor\codeigniter4\framework\system\CodeIgniter.php(432): CodeIgniter\CodeIgniter->runController(Object(App\Controllers\cliente\Casos))
#3 C:\xampp\htdocs\lexsoft\vendor\codeigniter4\framework\system\CodeIgniter.php(333): CodeIgniter\CodeIgniter->handleRequest(NULL, Object(Config\Cache), false)
#4 C:\xampp\htdocs\lexsoft\public\index.php(44): CodeIgniter\CodeIgniter->run()
#5 {main}
CRITICAL - 2021-04-22 15:52:14 --> Undefined property: stdClass::$nombe_plantilla
#0 C:\xampp\htdocs\lexsoft\app\Views\cliente\casos\nuevoCaso.php(59): CodeIgniter\Debug\Exceptions->errorHandler(8, 'Undefined prope...', 'C:\\xampp\\htdocs...', 59, Array)
#1 C:\xampp\htdocs\lexsoft\vendor\codeigniter4\framework\system\View\View.php(220): include('C:\\xampp\\htdocs...')
#2 C:\xampp\htdocs\lexsoft\vendor\codeigniter4\framework\system\View\View.php(222): CodeIgniter\View\View->CodeIgniter\View\{closure}()
#3 C:\xampp\htdocs\lexsoft\vendor\codeigniter4\framework\system\Common.php(1217): CodeIgniter\View\View->render('cliente/casos/n...', Array, true)
#4 C:\xampp\htdocs\lexsoft\app\Controllers\cliente\Casos.php(24): view('cliente/casos/n...', Array)
#5 C:\xampp\htdocs\lexsoft\app\Controllers\cliente\Casos.php(19): App\Controllers\cliente\Casos->vistaDashboarCliente('casos/nuevoCaso', Array)
#6 C:\xampp\htdocs\lexsoft\vendor\codeigniter4\framework\system\CodeIgniter.php(936): App\Controllers\cliente\Casos->nuevo_caso()
#7 C:\xampp\htdocs\lexsoft\vendor\codeigniter4\framework\system\CodeIgniter.php(432): CodeIgniter\CodeIgniter->runController(Object(App\Controllers\cliente\Casos))
#8 C:\xampp\htdocs\lexsoft\vendor\codeigniter4\framework\system\CodeIgniter.php(333): CodeIgniter\CodeIgniter->handleRequest(NULL, Object(Config\Cache), false)
#9 C:\xampp\htdocs\lexsoft\public\index.php(44): CodeIgniter\CodeIgniter->run()
#10 {main}
ERROR - 2021-04-22 16:01:42 --> mysqli_sql_exception: Column 'primer_nombre' cannot be null in C:\xampp\htdocs\lexsoft\vendor\codeigniter4\framework\system\Database\MySQLi\Connection.php:314
Stack trace:
#0 C:\xampp\htdocs\lexsoft\vendor\codeigniter4\framework\system\Database\MySQLi\Connection.php(314): mysqli->query('INSERT INTO `le...')
#1 C:\xampp\htdocs\lexsoft\vendor\codeigniter4\framework\system\Database\BaseConnection.php(713): CodeIgniter\Database\MySQLi\Connection->execute('INSERT INTO `le...')
#2 C:\xampp\htdocs\lexsoft\vendor\codeigniter4\framework\system\Database\BaseConnection.php(641): CodeIgniter\Database\BaseConnection->simpleQuery('INSERT INTO `le...')
#3 C:\xampp\htdocs\lexsoft\vendor\codeigniter4\framework\system\Database\BaseBuilder.php(2263): CodeIgniter\Database\BaseConnection->query('INSERT INTO `le...', Array, false)
#4 C:\xampp\htdocs\lexsoft\vendor\codeigniter4\framework\system\Model.php(278): CodeIgniter\Database\BaseBuilder->insert()
#5 C:\xampp\htdocs\lexsoft\vendor\codeigniter4\framework\system\BaseModel.php(758): CodeIgniter\Model->doInsert(Array)
#6 C:\xampp\htdocs\lexsoft\vendor\codeigniter4\framework\system\Model.php(705): CodeIgniter\BaseModel->insert(Array, true)
#7 C:\xampp\htdocs\lexsoft\app\Controllers\cliente\UserCliente.php(50): CodeIgniter\Model->insert(Array)
#8 C:\xampp\htdocs\lexsoft\vendor\codeigniter4\framework\system\CodeIgniter.php(936): App\Controllers\cliente\UserCliente->insert_user()
#9 C:\xampp\htdocs\lexsoft\vendor\codeigniter4\framework\system\CodeIgniter.php(432): CodeIgniter\CodeIgniter->runController(Object(App\Controllers\cliente\UserCliente))
#10 C:\xampp\htdocs\lexsoft\vendor\codeigniter4\framework\system\CodeIgniter.php(333): CodeIgniter\CodeIgniter->handleRequest(NULL, Object(Config\Cache), false)
#11 C:\xampp\htdocs\lexsoft\public\index.php(44): CodeIgniter\CodeIgniter->run()
#12 {main}
CRITICAL - 2021-04-22 16:01:42 --> Column 'primer_nombre' cannot be null
#0 C:\xampp\htdocs\lexsoft\vendor\codeigniter4\framework\system\Database\MySQLi\Connection.php(314): mysqli->query('INSERT INTO `le...')
#1 C:\xampp\htdocs\lexsoft\vendor\codeigniter4\framework\system\Database\BaseConnection.php(713): CodeIgniter\Database\MySQLi\Connection->execute('INSERT INTO `le...')
#2 C:\xampp\htdocs\lexsoft\vendor\codeigniter4\framework\system\Database\BaseConnection.php(641): CodeIgniter\Database\BaseConnection->simpleQuery('INSERT INTO `le...')
#3 C:\xampp\htdocs\lexsoft\vendor\codeigniter4\framework\system\Database\BaseBuilder.php(2263): CodeIgniter\Database\BaseConnection->query('INSERT INTO `le...', Array, false)
#4 C:\xampp\htdocs\lexsoft\vendor\codeigniter4\framework\system\Model.php(278): CodeIgniter\Database\BaseBuilder->insert()
#5 C:\xampp\htdocs\lexsoft\vendor\codeigniter4\framework\system\BaseModel.php(758): CodeIgniter\Model->doInsert(Array)
#6 C:\xampp\htdocs\lexsoft\vendor\codeigniter4\framework\system\Model.php(705): CodeIgniter\BaseModel->insert(Array, true)
#7 C:\xampp\htdocs\lexsoft\app\Controllers\cliente\UserCliente.php(50): CodeIgniter\Model->insert(Array)
#8 C:\xampp\htdocs\lexsoft\vendor\codeigniter4\framework\system\CodeIgniter.php(936): App\Controllers\cliente\UserCliente->insert_user()
#9 C:\xampp\htdocs\lexsoft\vendor\codeigniter4\framework\system\CodeIgniter.php(432): CodeIgniter\CodeIgniter->runController(Object(App\Controllers\cliente\UserCliente))
#10 C:\xampp\htdocs\lexsoft\vendor\codeigniter4\framework\system\CodeIgniter.php(333): CodeIgniter\CodeIgniter->handleRequest(NULL, Object(Config\Cache), false)
#11 C:\xampp\htdocs\lexsoft\public\index.php(44): CodeIgniter\CodeIgniter->run()
#12 {main}
CRITICAL - 2021-04-22 16:03:57 --> Undefined index: dui
#0 C:\xampp\htdocs\lexsoft\app\Controllers\cliente\Casos.php(42): CodeIgniter\Debug\Exceptions->errorHandler(8, 'Undefined index...', 'C:\\xampp\\htdocs...', 42, Array)
#1 C:\xampp\htdocs\lexsoft\vendor\codeigniter4\framework\system\CodeIgniter.php(936): App\Controllers\cliente\Casos->buscarPlantilla()
#2 C:\xampp\htdocs\lexsoft\vendor\codeigniter4\framework\system\CodeIgniter.php(432): CodeIgniter\CodeIgniter->runController(Object(App\Controllers\cliente\Casos))
#3 C:\xampp\htdocs\lexsoft\vendor\codeigniter4\framework\system\CodeIgniter.php(333): CodeIgniter\CodeIgniter->handleRequest(NULL, Object(Config\Cache), false)
#4 C:\xampp\htdocs\lexsoft\public\index.php(44): CodeIgniter\CodeIgniter->run()
#5 {main}
CRITICAL - 2021-04-22 16:04:19 --> Undefined index: dui
#0 C:\xampp\htdocs\lexsoft\app\Controllers\cliente\Casos.php(42): CodeIgniter\Debug\Exceptions->errorHandler(8, 'Undefined index...', 'C:\\xampp\\htdocs...', 42, Array)
#1 C:\xampp\htdocs\lexsoft\vendor\codeigniter4\framework\system\CodeIgniter.php(936): App\Controllers\cliente\Casos->buscarPlantilla()
#2 C:\xampp\htdocs\lexsoft\vendor\codeigniter4\framework\system\CodeIgniter.php(432): CodeIgniter\CodeIgniter->runController(Object(App\Controllers\cliente\Casos))
#3 C:\xampp\htdocs\lexsoft\vendor\codeigniter4\framework\system\CodeIgniter.php(333): CodeIgniter\CodeIgniter->handleRequest(NULL, Object(Config\Cache), false)
#4 C:\xampp\htdocs\lexsoft\public\index.php(44): CodeIgniter\CodeIgniter->run()
#5 {main}
CRITICAL - 2021-04-22 16:04:35 --> Undefined index: dui
#0 C:\xampp\htdocs\lexsoft\app\Controllers\cliente\Casos.php(42): CodeIgniter\Debug\Exceptions->errorHandler(8, 'Undefined index...', 'C:\\xampp\\htdocs...', 42, Array)
#1 C:\xampp\htdocs\lexsoft\vendor\codeigniter4\framework\system\CodeIgniter.php(936): App\Controllers\cliente\Casos->buscarPlantilla()
#2 C:\xampp\htdocs\lexsoft\vendor\codeigniter4\framework\system\CodeIgniter.php(432): CodeIgniter\CodeIgniter->runController(Object(App\Controllers\cliente\Casos))
#3 C:\xampp\htdocs\lexsoft\vendor\codeigniter4\framework\system\CodeIgniter.php(333): CodeIgniter\CodeIgniter->handleRequest(NULL, Object(Config\Cache), false)
#4 C:\xampp\htdocs\lexsoft\public\index.php(44): CodeIgniter\CodeIgniter->run()
#5 {main}
CRITICAL - 2021-04-22 16:04:45 --> Undefined index: dui
#0 C:\xampp\htdocs\lexsoft\app\Controllers\cliente\Casos.php(42): CodeIgniter\Debug\Exceptions->errorHandler(8, 'Undefined index...', 'C:\\xampp\\htdocs...', 42, Array)
#1 C:\xampp\htdocs\lexsoft\vendor\codeigniter4\framework\system\CodeIgniter.php(936): App\Controllers\cliente\Casos->buscarPlantilla()
#2 C:\xampp\htdocs\lexsoft\vendor\codeigniter4\framework\system\CodeIgniter.php(432): CodeIgniter\CodeIgniter->runController(Object(App\Controllers\cliente\Casos))
#3 C:\xampp\htdocs\lexsoft\vendor\codeigniter4\framework\system\CodeIgniter.php(333): CodeIgniter\CodeIgniter->handleRequest(NULL, Object(Config\Cache), false)
#4 C:\xampp\htdocs\lexsoft\public\index.php(44): CodeIgniter\CodeIgniter->run()
#5 {main}
ERROR - 2021-04-22 16:06:39 --> mysqli_sql_exception: Unknown column 'id_plantilla' in 'where clause' in C:\xampp\htdocs\lexsoft\vendor\codeigniter4\framework\system\Database\MySQLi\Connection.php:314
Stack trace:
#0 C:\xampp\htdocs\lexsoft\vendor\codeigniter4\framework\system\Database\MySQLi\Connection.php(314): mysqli->query('SELECT *\nFROM `...')
#1 C:\xampp\htdocs\lexsoft\vendor\codeigniter4\framework\system\Database\BaseConnection.php(713): CodeIgniter\Database\MySQLi\Connection->execute('SELECT *\nFROM `...')
#2 C:\xampp\htdocs\lexsoft\vendor\codeigniter4\framework\system\Database\BaseConnection.php(641): CodeIgniter\Database\BaseConnection->simpleQuery('SELECT *\nFROM `...')
#3 C:\xampp\htdocs\lexsoft\vendor\codeigniter4\framework\system\Database\BaseBuilder.php(1866): CodeIgniter\Database\BaseConnection->query('SELECT *\nFROM `...', Array, false)
#4 C:\xampp\htdocs\lexsoft\vendor\codeigniter4\framework\system\Model.php(213): CodeIgniter\Database\BaseBuilder->get()
#5 C:\xampp\htdocs\lexsoft\vendor\codeigniter4\framework\system\BaseModel.php(583): CodeIgniter\Model->doFindAll(0, 0)
#6 C:\xampp\htdocs\lexsoft\app\Controllers\cliente\Casos.php(44): CodeIgniter\BaseModel->findAll()
#7 C:\xampp\htdocs\lexsoft\vendor\codeigniter4\framework\system\CodeIgniter.php(936): App\Controllers\cliente\Casos->buscarPlantilla()
#8 C:\xampp\htdocs\lexsoft\vendor\codeigniter4\framework\system\CodeIgniter.php(432): CodeIgniter\CodeIgniter->runController(Object(App\Controllers\cliente\Casos))
#9 C:\xampp\htdocs\lexsoft\vendor\codeigniter4\framework\system\CodeIgniter.php(333): CodeIgniter\CodeIgniter->handleRequest(NULL, Object(Config\Cache), false)
#10 C:\xampp\htdocs\lexsoft\public\index.php(44): CodeIgniter\CodeIgniter->run()
#11 {main}
CRITICAL - 2021-04-22 16:06:39 --> Unknown column 'id_plantilla' in 'where clause'
#0 C:\xampp\htdocs\lexsoft\vendor\codeigniter4\framework\system\Database\MySQLi\Connection.php(314): mysqli->query('SELECT *\nFROM `...')
#1 C:\xampp\htdocs\lexsoft\vendor\codeigniter4\framework\system\Database\BaseConnection.php(713): CodeIgniter\Database\MySQLi\Connection->execute('SELECT *\nFROM `...')
#2 C:\xampp\htdocs\lexsoft\vendor\codeigniter4\framework\system\Database\BaseConnection.php(641): CodeIgniter\Database\BaseConnection->simpleQuery('SELECT *\nFROM `...')
#3 C:\xampp\htdocs\lexsoft\vendor\codeigniter4\framework\system\Database\BaseBuilder.php(1866): CodeIgniter\Database\BaseConnection->query('SELECT *\nFROM `...', Array, false)
#4 C:\xampp\htdocs\lexsoft\vendor\codeigniter4\framework\system\Model.php(213): CodeIgniter\Database\BaseBuilder->get()
#5 C:\xampp\htdocs\lexsoft\vendor\codeigniter4\framework\system\BaseModel.php(583): CodeIgniter\Model->doFindAll(0, 0)
#6 C:\xampp\htdocs\lexsoft\app\Controllers\cliente\Casos.php(44): CodeIgniter\BaseModel->findAll()
#7 C:\xampp\htdocs\lexsoft\vendor\codeigniter4\framework\system\CodeIgniter.php(936): App\Controllers\cliente\Casos->buscarPlantilla()
#8 C:\xampp\htdocs\lexsoft\vendor\codeigniter4\framework\system\CodeIgniter.php(432): CodeIgniter\CodeIgniter->runController(Object(App\Controllers\cliente\Casos))
#9 C:\xampp\htdocs\lexsoft\vendor\codeigniter4\framework\system\CodeIgniter.php(333): CodeIgniter\CodeIgniter->handleRequest(NULL, Object(Config\Cache), false)
#10 C:\xampp\htdocs\lexsoft\public\index.php(44): CodeIgniter\CodeIgniter->run()
#11 {main}
ERROR - 2021-04-22 16:06:55 --> mysqli_sql_exception: Unknown column 'id_plantilla' in 'where clause' in C:\xampp\htdocs\lexsoft\vendor\codeigniter4\framework\system\Database\MySQLi\Connection.php:314
Stack trace:
#0 C:\xampp\htdocs\lexsoft\vendor\codeigniter4\framework\system\Database\MySQLi\Connection.php(314): mysqli->query('SELECT *\nFROM `...')
#1 C:\xampp\htdocs\lexsoft\vendor\codeigniter4\framework\system\Database\BaseConnection.php(713): CodeIgniter\Database\MySQLi\Connection->execute('SELECT *\nFROM `...')
#2 C:\xampp\htdocs\lexsoft\vendor\codeigniter4\framework\system\Database\BaseConnection.php(641): CodeIgniter\Database\BaseConnection->simpleQuery('SELECT *\nFROM `...')
#3 C:\xampp\htdocs\lexsoft\vendor\codeigniter4\framework\system\Database\BaseBuilder.php(1866): CodeIgniter\Database\BaseConnection->query('SELECT *\nFROM `...', Array, false)
#4 C:\xampp\htdocs\lexsoft\vendor\codeigniter4\framework\system\Model.php(213): CodeIgniter\Database\BaseBuilder->get()
#5 C:\xampp\htdocs\lexsoft\vendor\codeigniter4\framework\system\BaseModel.php(583): CodeIgniter\Model->doFindAll(0, 0)
#6 C:\xampp\htdocs\lexsoft\app\Controllers\cliente\Casos.php(44): CodeIgniter\BaseModel->findAll()
#7 C:\xampp\htdocs\lexsoft\vendor\codeigniter4\framework\system\CodeIgniter.php(936): App\Controllers\cliente\Casos->buscarPlantilla()
#8 C:\xampp\htdocs\lexsoft\vendor\codeigniter4\framework\system\CodeIgniter.php(432): CodeIgniter\CodeIgniter->runController(Object(App\Controllers\cliente\Casos))
#9 C:\xampp\htdocs\lexsoft\vendor\codeigniter4\framework\system\CodeIgniter.php(333): CodeIgniter\CodeIgniter->handleRequest(NULL, Object(Config\Cache), false)
#10 C:\xampp\htdocs\lexsoft\public\index.php(44): CodeIgniter\CodeIgniter->run()
#11 {main}
CRITICAL - 2021-04-22 16:06:55 --> Unknown column 'id_plantilla' in 'where clause'
#0 C:\xampp\htdocs\lexsoft\vendor\codeigniter4\framework\system\Database\MySQLi\Connection.php(314): mysqli->query('SELECT *\nFROM `...')
#1 C:\xampp\htdocs\lexsoft\vendor\codeigniter4\framework\system\Database\BaseConnection.php(713): CodeIgniter\Database\MySQLi\Connection->execute('SELECT *\nFROM `...')
#2 C:\xampp\htdocs\lexsoft\vendor\codeigniter4\framework\system\Database\BaseConnection.php(641): CodeIgniter\Database\BaseConnection->simpleQuery('SELECT *\nFROM `...')
#3 C:\xampp\htdocs\lexsoft\vendor\codeigniter4\framework\system\Database\BaseBuilder.php(1866): CodeIgniter\Database\BaseConnection->query('SELECT *\nFROM `...', Array, false)
#4 C:\xampp\htdocs\lexsoft\vendor\codeigniter4\framework\system\Model.php(213): CodeIgniter\Database\BaseBuilder->get()
#5 C:\xampp\htdocs\lexsoft\vendor\codeigniter4\framework\system\BaseModel.php(583): CodeIgniter\Model->doFindAll(0, 0)
#6 C:\xampp\htdocs\lexsoft\app\Controllers\cliente\Casos.php(44): CodeIgniter\BaseModel->findAll()
#7 C:\xampp\htdocs\lexsoft\vendor\codeigniter4\framework\system\CodeIgniter.php(936): App\Controllers\cliente\Casos->buscarPlantilla()
#8 C:\xampp\htdocs\lexsoft\vendor\codeigniter4\framework\system\CodeIgniter.php(432): CodeIgniter\CodeIgniter->runController(Object(App\Controllers\cliente\Casos))
#9 C:\xampp\htdocs\lexsoft\vendor\codeigniter4\framework\system\CodeIgniter.php(333): CodeIgniter\CodeIgniter->handleRequest(NULL, Object(Config\Cache), false)
#10 C:\xampp\htdocs\lexsoft\public\index.php(44): CodeIgniter\CodeIgniter->run()
#11 {main}
ERROR - 2021-04-22 16:16:10 --> mysqli_sql_exception: Unknown column 'id_plantilla' in 'where clause' in C:\xampp\htdocs\lexsoft\vendor\codeigniter4\framework\system\Database\MySQLi\Connection.php:314
Stack trace:
#0 C:\xampp\htdocs\lexsoft\vendor\codeigniter4\framework\system\Database\MySQLi\Connection.php(314): mysqli->query('SELECT *\nFROM `...')
#1 C:\xampp\htdocs\lexsoft\vendor\codeigniter4\framework\system\Database\BaseConnection.php(713): CodeIgniter\Database\MySQLi\Connection->execute('SELECT *\nFROM `...')
#2 C:\xampp\htdocs\lexsoft\vendor\codeigniter4\framework\system\Database\BaseConnection.php(641): CodeIgniter\Database\BaseConnection->simpleQuery('SELECT *\nFROM `...')
#3 C:\xampp\htdocs\lexsoft\vendor\codeigniter4\framework\system\Database\BaseBuilder.php(1866): CodeIgniter\Database\BaseConnection->query('SELECT *\nFROM `...', Array, false)
#4 C:\xampp\htdocs\lexsoft\vendor\codeigniter4\framework\system\Model.php(213): CodeIgniter\Database\BaseBuilder->get()
#5 C:\xampp\htdocs\lexsoft\vendor\codeigniter4\framework\system\BaseModel.php(583): CodeIgniter\Model->doFindAll(0, 0)
#6 C:\xampp\htdocs\lexsoft\app\Controllers\cliente\Casos.php(44): CodeIgniter\BaseModel->findAll()
#7 C:\xampp\htdocs\lexsoft\vendor\codeigniter4\framework\system\CodeIgniter.php(936): App\Controllers\cliente\Casos->buscarPlantilla()
#8 C:\xampp\htdocs\lexsoft\vendor\codeigniter4\framework\system\CodeIgniter.php(432): CodeIgniter\CodeIgniter->runController(Object(App\Controllers\cliente\Casos))
#9 C:\xampp\htdocs\lexsoft\vendor\codeigniter4\framework\system\CodeIgniter.php(333): CodeIgniter\CodeIgniter->handleRequest(NULL, Object(Config\Cache), false)
#10 C:\xampp\htdocs\lexsoft\public\index.php(44): CodeIgniter\CodeIgniter->run()
#11 {main}
CRITICAL - 2021-04-22 16:16:10 --> Unknown column 'id_plantilla' in 'where clause'
#0 C:\xampp\htdocs\lexsoft\vendor\codeigniter4\framework\system\Database\MySQLi\Connection.php(314): mysqli->query('SELECT *\nFROM `...')
#1 C:\xampp\htdocs\lexsoft\vendor\codeigniter4\framework\system\Database\BaseConnection.php(713): CodeIgniter\Database\MySQLi\Connection->execute('SELECT *\nFROM `...')
#2 C:\xampp\htdocs\lexsoft\vendor\codeigniter4\framework\system\Database\BaseConnection.php(641): CodeIgniter\Database\BaseConnection->simpleQuery('SELECT *\nFROM `...')
#3 C:\xampp\htdocs\lexsoft\vendor\codeigniter4\framework\system\Database\BaseBuilder.php(1866): CodeIgniter\Database\BaseConnection->query('SELECT *\nFROM `...', Array, false)
#4 C:\xampp\htdocs\lexsoft\vendor\codeigniter4\framework\system\Model.php(213): CodeIgniter\Database\BaseBuilder->get()
#5 C:\xampp\htdocs\lexsoft\vendor\codeigniter4\framework\system\BaseModel.php(583): CodeIgniter\Model->doFindAll(0, 0)
#6 C:\xampp\htdocs\lexsoft\app\Controllers\cliente\Casos.php(44): CodeIgniter\BaseModel->findAll()
#7 C:\xampp\htdocs\lexsoft\vendor\codeigniter4\framework\system\CodeIgniter.php(936): App\Controllers\cliente\Casos->buscarPlantilla()
#8 C:\xampp\htdocs\lexsoft\vendor\codeigniter4\framework\system\CodeIgniter.php(432): CodeIgniter\CodeIgniter->runController(Object(App\Controllers\cliente\Casos))
#9 C:\xampp\htdocs\lexsoft\vendor\codeigniter4\framework\system\CodeIgniter.php(333): CodeIgniter\CodeIgniter->handleRequest(NULL, Object(Config\Cache), false)
#10 C:\xampp\htdocs\lexsoft\public\index.php(44): CodeIgniter\CodeIgniter->run()
#11 {main}
CRITICAL - 2021-04-22 16:27:10 --> Undefined property: stdClass::$datos
#0 C:\xampp\htdocs\lexsoft\app\Views\cliente\casos\nuevoCaso.php(61): CodeIgniter\Debug\Exceptions->errorHandler(8, 'Undefined prope...', 'C:\\xampp\\htdocs...', 61, Array)
#1 C:\xampp\htdocs\lexsoft\vendor\codeigniter4\framework\system\View\View.php(220): include('C:\\xampp\\htdocs...')
#2 C:\xampp\htdocs\lexsoft\vendor\codeigniter4\framework\system\View\View.php(222): CodeIgniter\View\View->CodeIgniter\View\{closure}()
#3 C:\xampp\htdocs\lexsoft\vendor\codeigniter4\framework\system\Common.php(1217): CodeIgniter\View\View->render('cliente/casos/n...', Array, true)
#4 C:\xampp\htdocs\lexsoft\app\Controllers\cliente\Casos.php(24): view('cliente/casos/n...', Array)
#5 C:\xampp\htdocs\lexsoft\app\Controllers\cliente\Casos.php(19): App\Controllers\cliente\Casos->vistaDashboarCliente('casos/nuevoCaso', Array)
#6 C:\xampp\htdocs\lexsoft\vendor\codeigniter4\framework\system\CodeIgniter.php(936): App\Controllers\cliente\Casos->nuevo_caso()
#7 C:\xampp\htdocs\lexsoft\vendor\codeigniter4\framework\system\CodeIgniter.php(432): CodeIgniter\CodeIgniter->runController(Object(App\Controllers\cliente\Casos))
#8 C:\xampp\htdocs\lexsoft\vendor\codeigniter4\framework\system\CodeIgniter.php(333): CodeIgniter\CodeIgniter->handleRequest(NULL, Object(Config\Cache), false)
#9 C:\xampp\htdocs\lexsoft\public\index.php(44): CodeIgniter\CodeIgniter->run()
#10 {main}
CRITICAL - 2021-04-22 17:59:08 --> Undefined index: id_plantilla
#0 C:\xampp\htdocs\lexsoft\app\Controllers\cliente\Casos.php(42): CodeIgniter\Debug\Exceptions->errorHandler(8, 'Undefined index...', 'C:\\xampp\\htdocs...', 42, Array)
#1 C:\xampp\htdocs\lexsoft\vendor\codeigniter4\framework\system\CodeIgniter.php(936): App\Controllers\cliente\Casos->buscarPlantilla()
#2 C:\xampp\htdocs\lexsoft\vendor\codeigniter4\framework\system\CodeIgniter.php(432): CodeIgniter\CodeIgniter->runController(Object(App\Controllers\cliente\Casos))
#3 C:\xampp\htdocs\lexsoft\vendor\codeigniter4\framework\system\CodeIgniter.php(333): CodeIgniter\CodeIgniter->handleRequest(NULL, Object(Config\Cache), false)
#4 C:\xampp\htdocs\lexsoft\public\index.php(44): CodeIgniter\CodeIgniter->run()
#5 {main}
CRITICAL - 2021-04-22 17:59:12 --> Undefined index: id_plantilla
#0 C:\xampp\htdocs\lexsoft\app\Controllers\cliente\Casos.php(42): CodeIgniter\Debug\Exceptions->errorHandler(8, 'Undefined index...', 'C:\\xampp\\htdocs...', 42, Array)
#1 C:\xampp\htdocs\lexsoft\vendor\codeigniter4\framework\system\CodeIgniter.php(936): App\Controllers\cliente\Casos->buscarPlantilla()
#2 C:\xampp\htdocs\lexsoft\vendor\codeigniter4\framework\system\CodeIgniter.php(432): CodeIgniter\CodeIgniter->runController(Object(App\Controllers\cliente\Casos))
#3 C:\xampp\htdocs\lexsoft\vendor\codeigniter4\framework\system\CodeIgniter.php(333): CodeIgniter\CodeIgniter->handleRequest(NULL, Object(Config\Cache), false)
#4 C:\xampp\htdocs\lexsoft\public\index.php(44): CodeIgniter\CodeIgniter->run()
#5 {main}
