CRITICAL - 2021-04-15 10:41:01 --> Undefined variable: datos
#0 C:\xampp\htdocs\lexsoft\app\Views\admin\user\listar.php(39): CodeIgniter\Debug\Exceptions->errorHandler(8, 'Undefined varia...', 'C:\\xampp\\htdocs...', 39, Array)
#1 C:\xampp\htdocs\lexsoft\vendor\codeigniter4\framework\system\View\View.php(220): include('C:\\xampp\\htdocs...')
#2 C:\xampp\htdocs\lexsoft\vendor\codeigniter4\framework\system\View\View.php(222): CodeIgniter\View\View->CodeIgniter\View\{closure}()
#3 C:\xampp\htdocs\lexsoft\vendor\codeigniter4\framework\system\Common.php(1217): CodeIgniter\View\View->render('admin/user/list...', Array, true)
#4 C:\xampp\htdocs\lexsoft\app\Controllers\admin\User.php(86): view('admin/user/list...', Array)
#5 C:\xampp\htdocs\lexsoft\app\Controllers\admin\User.php(64): App\Controllers\admin\User->_loadDefaultView(Array, 'user/listar', Array)
#6 C:\xampp\htdocs\lexsoft\vendor\codeigniter4\framework\system\CodeIgniter.php(936): App\Controllers\admin\User->listar()
#7 C:\xampp\htdocs\lexsoft\vendor\codeigniter4\framework\system\CodeIgniter.php(432): CodeIgniter\CodeIgniter->runController(Object(App\Controllers\admin\User))
#8 C:\xampp\htdocs\lexsoft\vendor\codeigniter4\framework\system\CodeIgniter.php(333): CodeIgniter\CodeIgniter->handleRequest(NULL, Object(Config\Cache), false)
#9 C:\xampp\htdocs\lexsoft\public\index.php(44): CodeIgniter\CodeIgniter->run()
#10 {main}
CRITICAL - 2021-04-15 10:45:07 --> Call to undefined method App\Models\UserModel::listar
#0 C:\xampp\htdocs\lexsoft\app\Controllers\admin\User.php(63): CodeIgniter\Model->__call('listar', Array)
#1 C:\xampp\htdocs\lexsoft\vendor\codeigniter4\framework\system\CodeIgniter.php(936): App\Controllers\admin\User->listar()
#2 C:\xampp\htdocs\lexsoft\vendor\codeigniter4\framework\system\CodeIgniter.php(432): CodeIgniter\CodeIgniter->runController(Object(App\Controllers\admin\User))
#3 C:\xampp\htdocs\lexsoft\vendor\codeigniter4\framework\system\CodeIgniter.php(333): CodeIgniter\CodeIgniter->handleRequest(NULL, Object(Config\Cache), false)
#4 C:\xampp\htdocs\lexsoft\public\index.php(44): CodeIgniter\CodeIgniter->run()
#5 {main}
CRITICAL - 2021-04-15 10:46:13 --> Call to undefined method App\Models\UserModel::listar
#0 C:\xampp\htdocs\lexsoft\app\Controllers\admin\User.php(64): CodeIgniter\Model->__call('listar', Array)
#1 C:\xampp\htdocs\lexsoft\vendor\codeigniter4\framework\system\CodeIgniter.php(936): App\Controllers\admin\User->listar()
#2 C:\xampp\htdocs\lexsoft\vendor\codeigniter4\framework\system\CodeIgniter.php(432): CodeIgniter\CodeIgniter->runController(Object(App\Controllers\admin\User))
#3 C:\xampp\htdocs\lexsoft\vendor\codeigniter4\framework\system\CodeIgniter.php(333): CodeIgniter\CodeIgniter->handleRequest(NULL, Object(Config\Cache), false)
#4 C:\xampp\htdocs\lexsoft\public\index.php(44): CodeIgniter\CodeIgniter->run()
#5 {main}
CRITICAL - 2021-04-15 10:48:32 --> Undefined variable: datos
#0 C:\xampp\htdocs\lexsoft\app\Views\admin\user\listar.php(39): CodeIgniter\Debug\Exceptions->errorHandler(8, 'Undefined varia...', 'C:\\xampp\\htdocs...', 39, Array)
#1 C:\xampp\htdocs\lexsoft\vendor\codeigniter4\framework\system\View\View.php(220): include('C:\\xampp\\htdocs...')
#2 C:\xampp\htdocs\lexsoft\vendor\codeigniter4\framework\system\View\View.php(222): CodeIgniter\View\View->CodeIgniter\View\{closure}()
#3 C:\xampp\htdocs\lexsoft\vendor\codeigniter4\framework\system\Common.php(1217): CodeIgniter\View\View->render('admin/user/list...', Array, true)
#4 C:\xampp\htdocs\lexsoft\app\Controllers\admin\User.php(94): view('admin/user/list...', Array)
#5 C:\xampp\htdocs\lexsoft\app\Controllers\admin\User.php(72): App\Controllers\admin\User->_loadDefaultView(Array, 'user/listar', Array)
#6 C:\xampp\htdocs\lexsoft\vendor\codeigniter4\framework\system\CodeIgniter.php(936): App\Controllers\admin\User->listar()
#7 C:\xampp\htdocs\lexsoft\vendor\codeigniter4\framework\system\CodeIgniter.php(432): CodeIgniter\CodeIgniter->runController(Object(App\Controllers\admin\User))
#8 C:\xampp\htdocs\lexsoft\vendor\codeigniter4\framework\system\CodeIgniter.php(333): CodeIgniter\CodeIgniter->handleRequest(NULL, Object(Config\Cache), false)
#9 C:\xampp\htdocs\lexsoft\public\index.php(44): CodeIgniter\CodeIgniter->run()
#10 {main}
CRITICAL - 2021-04-15 10:48:51 --> Undefined variable: datos
#0 C:\xampp\htdocs\lexsoft\app\Views\admin\user\listar.php(39): CodeIgniter\Debug\Exceptions->errorHandler(8, 'Undefined varia...', 'C:\\xampp\\htdocs...', 39, Array)
#1 C:\xampp\htdocs\lexsoft\vendor\codeigniter4\framework\system\View\View.php(220): include('C:\\xampp\\htdocs...')
#2 C:\xampp\htdocs\lexsoft\vendor\codeigniter4\framework\system\View\View.php(222): CodeIgniter\View\View->CodeIgniter\View\{closure}()
#3 C:\xampp\htdocs\lexsoft\vendor\codeigniter4\framework\system\Common.php(1217): CodeIgniter\View\View->render('admin/user/list...', Array, true)
#4 C:\xampp\htdocs\lexsoft\app\Controllers\admin\User.php(94): view('admin/user/list...', Array)
#5 C:\xampp\htdocs\lexsoft\app\Controllers\admin\User.php(72): App\Controllers\admin\User->_loadDefaultView(Array, 'user/listar', Array)
#6 C:\xampp\htdocs\lexsoft\vendor\codeigniter4\framework\system\CodeIgniter.php(936): App\Controllers\admin\User->listar()
#7 C:\xampp\htdocs\lexsoft\vendor\codeigniter4\framework\system\CodeIgniter.php(432): CodeIgniter\CodeIgniter->runController(Object(App\Controllers\admin\User))
#8 C:\xampp\htdocs\lexsoft\vendor\codeigniter4\framework\system\CodeIgniter.php(333): CodeIgniter\CodeIgniter->handleRequest(NULL, Object(Config\Cache), false)
#9 C:\xampp\htdocs\lexsoft\public\index.php(44): CodeIgniter\CodeIgniter->run()
#10 {main}
CRITICAL - 2021-04-15 10:49:34 --> Undefined variable: data
#0 C:\xampp\htdocs\lexsoft\app\Views\admin\user\listar.php(39): CodeIgniter\Debug\Exceptions->errorHandler(8, 'Undefined varia...', 'C:\\xampp\\htdocs...', 39, Array)
#1 C:\xampp\htdocs\lexsoft\vendor\codeigniter4\framework\system\View\View.php(220): include('C:\\xampp\\htdocs...')
#2 C:\xampp\htdocs\lexsoft\vendor\codeigniter4\framework\system\View\View.php(222): CodeIgniter\View\View->CodeIgniter\View\{closure}()
#3 C:\xampp\htdocs\lexsoft\vendor\codeigniter4\framework\system\Common.php(1217): CodeIgniter\View\View->render('admin/user/list...', Array, true)
#4 C:\xampp\htdocs\lexsoft\app\Controllers\admin\User.php(94): view('admin/user/list...', Array)
#5 C:\xampp\htdocs\lexsoft\app\Controllers\admin\User.php(72): App\Controllers\admin\User->_loadDefaultView(Array, 'user/listar', Array)
#6 C:\xampp\htdocs\lexsoft\vendor\codeigniter4\framework\system\CodeIgniter.php(936): App\Controllers\admin\User->listar()
#7 C:\xampp\htdocs\lexsoft\vendor\codeigniter4\framework\system\CodeIgniter.php(432): CodeIgniter\CodeIgniter->runController(Object(App\Controllers\admin\User))
#8 C:\xampp\htdocs\lexsoft\vendor\codeigniter4\framework\system\CodeIgniter.php(333): CodeIgniter\CodeIgniter->handleRequest(NULL, Object(Config\Cache), false)
#9 C:\xampp\htdocs\lexsoft\public\index.php(44): CodeIgniter\CodeIgniter->run()
#10 {main}
CRITICAL - 2021-04-15 10:50:27 --> Undefined variable: data
#0 C:\xampp\htdocs\lexsoft\app\Views\admin\user\listar.php(39): CodeIgniter\Debug\Exceptions->errorHandler(8, 'Undefined varia...', 'C:\\xampp\\htdocs...', 39, Array)
#1 C:\xampp\htdocs\lexsoft\vendor\codeigniter4\framework\system\View\View.php(220): include('C:\\xampp\\htdocs...')
#2 C:\xampp\htdocs\lexsoft\vendor\codeigniter4\framework\system\View\View.php(222): CodeIgniter\View\View->CodeIgniter\View\{closure}()
#3 C:\xampp\htdocs\lexsoft\vendor\codeigniter4\framework\system\Common.php(1217): CodeIgniter\View\View->render('admin/user/list...', Array, true)
#4 C:\xampp\htdocs\lexsoft\app\Controllers\admin\User.php(94): view('admin/user/list...', Array)
#5 C:\xampp\htdocs\lexsoft\app\Controllers\admin\User.php(72): App\Controllers\admin\User->_loadDefaultView(Array, 'user/listar', Array)
#6 C:\xampp\htdocs\lexsoft\vendor\codeigniter4\framework\system\CodeIgniter.php(936): App\Controllers\admin\User->listar()
#7 C:\xampp\htdocs\lexsoft\vendor\codeigniter4\framework\system\CodeIgniter.php(432): CodeIgniter\CodeIgniter->runController(Object(App\Controllers\admin\User))
#8 C:\xampp\htdocs\lexsoft\vendor\codeigniter4\framework\system\CodeIgniter.php(333): CodeIgniter\CodeIgniter->handleRequest(NULL, Object(Config\Cache), false)
#9 C:\xampp\htdocs\lexsoft\public\index.php(44): CodeIgniter\CodeIgniter->run()
#10 {main}
CRITICAL - 2021-04-15 10:50:28 --> Undefined variable: data
#0 C:\xampp\htdocs\lexsoft\app\Views\admin\user\listar.php(39): CodeIgniter\Debug\Exceptions->errorHandler(8, 'Undefined varia...', 'C:\\xampp\\htdocs...', 39, Array)
#1 C:\xampp\htdocs\lexsoft\vendor\codeigniter4\framework\system\View\View.php(220): include('C:\\xampp\\htdocs...')
#2 C:\xampp\htdocs\lexsoft\vendor\codeigniter4\framework\system\View\View.php(222): CodeIgniter\View\View->CodeIgniter\View\{closure}()
#3 C:\xampp\htdocs\lexsoft\vendor\codeigniter4\framework\system\Common.php(1217): CodeIgniter\View\View->render('admin/user/list...', Array, true)
#4 C:\xampp\htdocs\lexsoft\app\Controllers\admin\User.php(94): view('admin/user/list...', Array)
#5 C:\xampp\htdocs\lexsoft\app\Controllers\admin\User.php(72): App\Controllers\admin\User->_loadDefaultView(Array, 'user/listar', Array)
#6 C:\xampp\htdocs\lexsoft\vendor\codeigniter4\framework\system\CodeIgniter.php(936): App\Controllers\admin\User->listar()
#7 C:\xampp\htdocs\lexsoft\vendor\codeigniter4\framework\system\CodeIgniter.php(432): CodeIgniter\CodeIgniter->runController(Object(App\Controllers\admin\User))
#8 C:\xampp\htdocs\lexsoft\vendor\codeigniter4\framework\system\CodeIgniter.php(333): CodeIgniter\CodeIgniter->handleRequest(NULL, Object(Config\Cache), false)
#9 C:\xampp\htdocs\lexsoft\public\index.php(44): CodeIgniter\CodeIgniter->run()
#10 {main}
CRITICAL - 2021-04-15 10:52:04 --> Undefined variable: data
#0 C:\xampp\htdocs\lexsoft\app\Views\admin\user\listar.php(39): CodeIgniter\Debug\Exceptions->errorHandler(8, 'Undefined varia...', 'C:\\xampp\\htdocs...', 39, Array)
#1 C:\xampp\htdocs\lexsoft\vendor\codeigniter4\framework\system\View\View.php(220): include('C:\\xampp\\htdocs...')
#2 C:\xampp\htdocs\lexsoft\vendor\codeigniter4\framework\system\View\View.php(222): CodeIgniter\View\View->CodeIgniter\View\{closure}()
#3 C:\xampp\htdocs\lexsoft\vendor\codeigniter4\framework\system\Common.php(1217): CodeIgniter\View\View->render('admin/user/list...', Array, true)
#4 C:\xampp\htdocs\lexsoft\app\Controllers\admin\User.php(94): view('admin/user/list...', Array)
#5 C:\xampp\htdocs\lexsoft\app\Controllers\admin\User.php(72): App\Controllers\admin\User->_loadDefaultView(Array, 'user/listar', Array)
#6 C:\xampp\htdocs\lexsoft\vendor\codeigniter4\framework\system\CodeIgniter.php(936): App\Controllers\admin\User->listar()
#7 C:\xampp\htdocs\lexsoft\vendor\codeigniter4\framework\system\CodeIgniter.php(432): CodeIgniter\CodeIgniter->runController(Object(App\Controllers\admin\User))
#8 C:\xampp\htdocs\lexsoft\vendor\codeigniter4\framework\system\CodeIgniter.php(333): CodeIgniter\CodeIgniter->handleRequest(NULL, Object(Config\Cache), false)
#9 C:\xampp\htdocs\lexsoft\public\index.php(44): CodeIgniter\CodeIgniter->run()
#10 {main}
CRITICAL - 2021-04-15 10:52:11 --> Undefined variable: data
#0 C:\xampp\htdocs\lexsoft\app\Views\admin\user\listar.php(39): CodeIgniter\Debug\Exceptions->errorHandler(8, 'Undefined varia...', 'C:\\xampp\\htdocs...', 39, Array)
#1 C:\xampp\htdocs\lexsoft\vendor\codeigniter4\framework\system\View\View.php(220): include('C:\\xampp\\htdocs...')
#2 C:\xampp\htdocs\lexsoft\vendor\codeigniter4\framework\system\View\View.php(222): CodeIgniter\View\View->CodeIgniter\View\{closure}()
#3 C:\xampp\htdocs\lexsoft\vendor\codeigniter4\framework\system\Common.php(1217): CodeIgniter\View\View->render('admin/user/list...', Array, true)
#4 C:\xampp\htdocs\lexsoft\app\Controllers\admin\User.php(94): view('admin/user/list...', Array)
#5 C:\xampp\htdocs\lexsoft\app\Controllers\admin\User.php(72): App\Controllers\admin\User->_loadDefaultView(Array, 'user/listar', Array)
#6 C:\xampp\htdocs\lexsoft\vendor\codeigniter4\framework\system\CodeIgniter.php(936): App\Controllers\admin\User->listar()
#7 C:\xampp\htdocs\lexsoft\vendor\codeigniter4\framework\system\CodeIgniter.php(432): CodeIgniter\CodeIgniter->runController(Object(App\Controllers\admin\User))
#8 C:\xampp\htdocs\lexsoft\vendor\codeigniter4\framework\system\CodeIgniter.php(333): CodeIgniter\CodeIgniter->handleRequest(NULL, Object(Config\Cache), false)
#9 C:\xampp\htdocs\lexsoft\public\index.php(44): CodeIgniter\CodeIgniter->run()
#10 {main}
CRITICAL - 2021-04-15 10:52:31 --> Invalid file: user/listar.php
#0 C:\xampp\htdocs\lexsoft\vendor\codeigniter4\framework\system\View\View.php(203): CodeIgniter\Exceptions\FrameworkException::forInvalidFile('user/listar.php')
#1 C:\xampp\htdocs\lexsoft\vendor\codeigniter4\framework\system\Common.php(1217): CodeIgniter\View\View->render('user/listar', Array, true)
#2 C:\xampp\htdocs\lexsoft\app\Controllers\admin\User.php(71): view('user/listar', Array)
#3 C:\xampp\htdocs\lexsoft\vendor\codeigniter4\framework\system\CodeIgniter.php(936): App\Controllers\admin\User->listar()
#4 C:\xampp\htdocs\lexsoft\vendor\codeigniter4\framework\system\CodeIgniter.php(432): CodeIgniter\CodeIgniter->runController(Object(App\Controllers\admin\User))
#5 C:\xampp\htdocs\lexsoft\vendor\codeigniter4\framework\system\CodeIgniter.php(333): CodeIgniter\CodeIgniter->handleRequest(NULL, Object(Config\Cache), false)
#6 C:\xampp\htdocs\lexsoft\public\index.php(44): CodeIgniter\CodeIgniter->run()
#7 {main}
CRITICAL - 2021-04-15 10:53:06 --> Undefined property: stdClass::$nombre
#0 C:\xampp\htdocs\lexsoft\app\Views\admin\user\listar.php(42): CodeIgniter\Debug\Exceptions->errorHandler(8, 'Undefined prope...', 'C:\\xampp\\htdocs...', 42, Array)
#1 C:\xampp\htdocs\lexsoft\vendor\codeigniter4\framework\system\View\View.php(220): include('C:\\xampp\\htdocs...')
#2 C:\xampp\htdocs\lexsoft\vendor\codeigniter4\framework\system\View\View.php(222): CodeIgniter\View\View->CodeIgniter\View\{closure}()
#3 C:\xampp\htdocs\lexsoft\vendor\codeigniter4\framework\system\Common.php(1217): CodeIgniter\View\View->render('admin/user/list...', Array, true)
#4 C:\xampp\htdocs\lexsoft\app\Controllers\admin\User.php(71): view('admin/user/list...', Array)
#5 C:\xampp\htdocs\lexsoft\vendor\codeigniter4\framework\system\CodeIgniter.php(936): App\Controllers\admin\User->listar()
#6 C:\xampp\htdocs\lexsoft\vendor\codeigniter4\framework\system\CodeIgniter.php(432): CodeIgniter\CodeIgniter->runController(Object(App\Controllers\admin\User))
#7 C:\xampp\htdocs\lexsoft\vendor\codeigniter4\framework\system\CodeIgniter.php(333): CodeIgniter\CodeIgniter->handleRequest(NULL, Object(Config\Cache), false)
#8 C:\xampp\htdocs\lexsoft\public\index.php(44): CodeIgniter\CodeIgniter->run()
#9 {main}
CRITICAL - 2021-04-15 10:53:51 --> Undefined property: stdClass::$id
#0 C:\xampp\htdocs\lexsoft\app\Views\admin\user\listar.php(46): CodeIgniter\Debug\Exceptions->errorHandler(8, 'Undefined prope...', 'C:\\xampp\\htdocs...', 46, Array)
#1 C:\xampp\htdocs\lexsoft\vendor\codeigniter4\framework\system\View\View.php(220): include('C:\\xampp\\htdocs...')
#2 C:\xampp\htdocs\lexsoft\vendor\codeigniter4\framework\system\View\View.php(222): CodeIgniter\View\View->CodeIgniter\View\{closure}()
#3 C:\xampp\htdocs\lexsoft\vendor\codeigniter4\framework\system\Common.php(1217): CodeIgniter\View\View->render('admin/user/list...', Array, true)
#4 C:\xampp\htdocs\lexsoft\app\Controllers\admin\User.php(71): view('admin/user/list...', Array)
#5 C:\xampp\htdocs\lexsoft\vendor\codeigniter4\framework\system\CodeIgniter.php(936): App\Controllers\admin\User->listar()
#6 C:\xampp\htdocs\lexsoft\vendor\codeigniter4\framework\system\CodeIgniter.php(432): CodeIgniter\CodeIgniter->runController(Object(App\Controllers\admin\User))
#7 C:\xampp\htdocs\lexsoft\vendor\codeigniter4\framework\system\CodeIgniter.php(333): CodeIgniter\CodeIgniter->handleRequest(NULL, Object(Config\Cache), false)
#8 C:\xampp\htdocs\lexsoft\public\index.php(44): CodeIgniter\CodeIgniter->run()
#9 {main}
CRITICAL - 2021-04-15 10:57:36 --> Undefined variable: datos
#0 C:\xampp\htdocs\lexsoft\app\Views\admin\user\listar.php(39): CodeIgniter\Debug\Exceptions->errorHandler(8, 'Undefined varia...', 'C:\\xampp\\htdocs...', 39, Array)
#1 C:\xampp\htdocs\lexsoft\vendor\codeigniter4\framework\system\View\View.php(220): include('C:\\xampp\\htdocs...')
#2 C:\xampp\htdocs\lexsoft\vendor\codeigniter4\framework\system\View\View.php(222): CodeIgniter\View\View->CodeIgniter\View\{closure}()
#3 C:\xampp\htdocs\lexsoft\vendor\codeigniter4\framework\system\Common.php(1217): CodeIgniter\View\View->render('admin/user/list...', Array, true)
#4 C:\xampp\htdocs\lexsoft\app\Controllers\admin\User.php(73): view('admin/user/list...', Array)
#5 C:\xampp\htdocs\lexsoft\vendor\codeigniter4\framework\system\CodeIgniter.php(936): App\Controllers\admin\User->listar()
#6 C:\xampp\htdocs\lexsoft\vendor\codeigniter4\framework\system\CodeIgniter.php(432): CodeIgniter\CodeIgniter->runController(Object(App\Controllers\admin\User))
#7 C:\xampp\htdocs\lexsoft\vendor\codeigniter4\framework\system\CodeIgniter.php(333): CodeIgniter\CodeIgniter->handleRequest(NULL, Object(Config\Cache), false)
#8 C:\xampp\htdocs\lexsoft\public\index.php(44): CodeIgniter\CodeIgniter->run()
#9 {main}
ERROR - 2021-04-15 11:05:42 --> mysqli_sql_exception: Table 'lexsonft_db.turismo' doesn't exist in C:\xampp\htdocs\lexsoft\vendor\codeigniter4\framework\system\Database\MySQLi\Connection.php:314
Stack trace:
#0 C:\xampp\htdocs\lexsoft\vendor\codeigniter4\framework\system\Database\MySQLi\Connection.php(314): mysqli->query('DELETE FROM `tu...')
#1 C:\xampp\htdocs\lexsoft\vendor\codeigniter4\framework\system\Database\BaseConnection.php(713): CodeIgniter\Database\MySQLi\Connection->execute('DELETE FROM `tu...')
#2 C:\xampp\htdocs\lexsoft\vendor\codeigniter4\framework\system\Database\BaseConnection.php(641): CodeIgniter\Database\BaseConnection->simpleQuery('DELETE FROM `tu...')
#3 C:\xampp\htdocs\lexsoft\vendor\codeigniter4\framework\system\Database\BaseBuilder.php(2864): CodeIgniter\Database\BaseConnection->query('DELETE FROM `tu...', Array, false)
#4 C:\xampp\htdocs\lexsoft\app\Models\UserModel.php(25): CodeIgniter\Database\BaseBuilder->delete()
#5 C:\xampp\htdocs\lexsoft\app\Controllers\admin\User.php(90): App\Models\UserModel->eliminar(Array)
#6 C:\xampp\htdocs\lexsoft\vendor\codeigniter4\framework\system\CodeIgniter.php(936): App\Controllers\admin\User->delete_user('39')
#7 C:\xampp\htdocs\lexsoft\vendor\codeigniter4\framework\system\CodeIgniter.php(432): CodeIgniter\CodeIgniter->runController(Object(App\Controllers\admin\User))
#8 C:\xampp\htdocs\lexsoft\vendor\codeigniter4\framework\system\CodeIgniter.php(333): CodeIgniter\CodeIgniter->handleRequest(NULL, Object(Config\Cache), false)
#9 C:\xampp\htdocs\lexsoft\public\index.php(44): CodeIgniter\CodeIgniter->run()
#10 {main}
CRITICAL - 2021-04-15 11:05:42 --> Table 'lexsonft_db.turismo' doesn't exist
#0 C:\xampp\htdocs\lexsoft\vendor\codeigniter4\framework\system\Database\MySQLi\Connection.php(314): mysqli->query('DELETE FROM `tu...')
#1 C:\xampp\htdocs\lexsoft\vendor\codeigniter4\framework\system\Database\BaseConnection.php(713): CodeIgniter\Database\MySQLi\Connection->execute('DELETE FROM `tu...')
#2 C:\xampp\htdocs\lexsoft\vendor\codeigniter4\framework\system\Database\BaseConnection.php(641): CodeIgniter\Database\BaseConnection->simpleQuery('DELETE FROM `tu...')
#3 C:\xampp\htdocs\lexsoft\vendor\codeigniter4\framework\system\Database\BaseBuilder.php(2864): CodeIgniter\Database\BaseConnection->query('DELETE FROM `tu...', Array, false)
#4 C:\xampp\htdocs\lexsoft\app\Models\UserModel.php(25): CodeIgniter\Database\BaseBuilder->delete()
#5 C:\xampp\htdocs\lexsoft\app\Controllers\admin\User.php(90): App\Models\UserModel->eliminar(Array)
#6 C:\xampp\htdocs\lexsoft\vendor\codeigniter4\framework\system\CodeIgniter.php(936): App\Controllers\admin\User->delete_user('39')
#7 C:\xampp\htdocs\lexsoft\vendor\codeigniter4\framework\system\CodeIgniter.php(432): CodeIgniter\CodeIgniter->runController(Object(App\Controllers\admin\User))
#8 C:\xampp\htdocs\lexsoft\vendor\codeigniter4\framework\system\CodeIgniter.php(333): CodeIgniter\CodeIgniter->handleRequest(NULL, Object(Config\Cache), false)
#9 C:\xampp\htdocs\lexsoft\public\index.php(44): CodeIgniter\CodeIgniter->run()
#10 {main}
ERROR - 2021-04-15 12:35:30 --> mysqli_sql_exception: Duplicate entry 'josemarmarquez@gmail.com' for key 'email' in C:\xampp\htdocs\lexsoft\vendor\codeigniter4\framework\system\Database\MySQLi\Connection.php:314
Stack trace:
#0 C:\xampp\htdocs\lexsoft\vendor\codeigniter4\framework\system\Database\MySQLi\Connection.php(314): mysqli->query('INSERT INTO `le...')
#1 C:\xampp\htdocs\lexsoft\vendor\codeigniter4\framework\system\Database\BaseConnection.php(713): CodeIgniter\Database\MySQLi\Connection->execute('INSERT INTO `le...')
#2 C:\xampp\htdocs\lexsoft\vendor\codeigniter4\framework\system\Database\BaseConnection.php(641): CodeIgniter\Database\BaseConnection->simpleQuery('INSERT INTO `le...')
#3 C:\xampp\htdocs\lexsoft\vendor\codeigniter4\framework\system\Database\BaseBuilder.php(2263): CodeIgniter\Database\BaseConnection->query('INSERT INTO `le...', Array, false)
#4 C:\xampp\htdocs\lexsoft\app\Models\UserModel.php(12): CodeIgniter\Database\BaseBuilder->insert(Array)
#5 C:\xampp\htdocs\lexsoft\app\Controllers\admin\User.php(55): App\Models\UserModel->insertar_user(Array)
#6 C:\xampp\htdocs\lexsoft\vendor\codeigniter4\framework\system\CodeIgniter.php(936): App\Controllers\admin\User->insert_user()
#7 C:\xampp\htdocs\lexsoft\vendor\codeigniter4\framework\system\CodeIgniter.php(432): CodeIgniter\CodeIgniter->runController(Object(App\Controllers\admin\User))
#8 C:\xampp\htdocs\lexsoft\vendor\codeigniter4\framework\system\CodeIgniter.php(333): CodeIgniter\CodeIgniter->handleRequest(NULL, Object(Config\Cache), false)
#9 C:\xampp\htdocs\lexsoft\public\index.php(44): CodeIgniter\CodeIgniter->run()
#10 {main}
CRITICAL - 2021-04-15 12:35:30 --> Duplicate entry 'josemarmarquez@gmail.com' for key 'email'
#0 C:\xampp\htdocs\lexsoft\vendor\codeigniter4\framework\system\Database\MySQLi\Connection.php(314): mysqli->query('INSERT INTO `le...')
#1 C:\xampp\htdocs\lexsoft\vendor\codeigniter4\framework\system\Database\BaseConnection.php(713): CodeIgniter\Database\MySQLi\Connection->execute('INSERT INTO `le...')
#2 C:\xampp\htdocs\lexsoft\vendor\codeigniter4\framework\system\Database\BaseConnection.php(641): CodeIgniter\Database\BaseConnection->simpleQuery('INSERT INTO `le...')
#3 C:\xampp\htdocs\lexsoft\vendor\codeigniter4\framework\system\Database\BaseBuilder.php(2263): CodeIgniter\Database\BaseConnection->query('INSERT INTO `le...', Array, false)
#4 C:\xampp\htdocs\lexsoft\app\Models\UserModel.php(12): CodeIgniter\Database\BaseBuilder->insert(Array)
#5 C:\xampp\htdocs\lexsoft\app\Controllers\admin\User.php(55): App\Models\UserModel->insertar_user(Array)
#6 C:\xampp\htdocs\lexsoft\vendor\codeigniter4\framework\system\CodeIgniter.php(936): App\Controllers\admin\User->insert_user()
#7 C:\xampp\htdocs\lexsoft\vendor\codeigniter4\framework\system\CodeIgniter.php(432): CodeIgniter\CodeIgniter->runController(Object(App\Controllers\admin\User))
#8 C:\xampp\htdocs\lexsoft\vendor\codeigniter4\framework\system\CodeIgniter.php(333): CodeIgniter\CodeIgniter->handleRequest(NULL, Object(Config\Cache), false)
#9 C:\xampp\htdocs\lexsoft\public\index.php(44): CodeIgniter\CodeIgniter->run()
#10 {main}
CRITICAL - 2021-04-15 12:41:26 --> Undefined variable: datos
#0 C:\xampp\htdocs\lexsoft\app\Views\admin\user\buscar.php(33): CodeIgniter\Debug\Exceptions->errorHandler(8, 'Undefined varia...', 'C:\\xampp\\htdocs...', 33, Array)
#1 C:\xampp\htdocs\lexsoft\vendor\codeigniter4\framework\system\View\View.php(220): include('C:\\xampp\\htdocs...')
#2 C:\xampp\htdocs\lexsoft\vendor\codeigniter4\framework\system\View\View.php(222): CodeIgniter\View\View->CodeIgniter\View\{closure}()
#3 C:\xampp\htdocs\lexsoft\vendor\codeigniter4\framework\system\Common.php(1217): CodeIgniter\View\View->render('admin/user/busc...', Array, true)
#4 C:\xampp\htdocs\lexsoft\app\Controllers\admin\User.php(95): view('admin/user/busc...', Array)
#5 C:\xampp\htdocs\lexsoft\vendor\codeigniter4\framework\system\CodeIgniter.php(936): App\Controllers\admin\User->buscar()
#6 C:\xampp\htdocs\lexsoft\vendor\codeigniter4\framework\system\CodeIgniter.php(432): CodeIgniter\CodeIgniter->runController(Object(App\Controllers\admin\User))
#7 C:\xampp\htdocs\lexsoft\vendor\codeigniter4\framework\system\CodeIgniter.php(333): CodeIgniter\CodeIgniter->handleRequest(NULL, Object(Config\Cache), false)
#8 C:\xampp\htdocs\lexsoft\public\index.php(44): CodeIgniter\CodeIgniter->run()
#9 {main}
CRITICAL - 2021-04-15 12:41:29 --> Undefined variable: datos
#0 C:\xampp\htdocs\lexsoft\app\Views\admin\user\buscar.php(33): CodeIgniter\Debug\Exceptions->errorHandler(8, 'Undefined varia...', 'C:\\xampp\\htdocs...', 33, Array)
#1 C:\xampp\htdocs\lexsoft\vendor\codeigniter4\framework\system\View\View.php(220): include('C:\\xampp\\htdocs...')
#2 C:\xampp\htdocs\lexsoft\vendor\codeigniter4\framework\system\View\View.php(222): CodeIgniter\View\View->CodeIgniter\View\{closure}()
#3 C:\xampp\htdocs\lexsoft\vendor\codeigniter4\framework\system\Common.php(1217): CodeIgniter\View\View->render('admin/user/busc...', Array, true)
#4 C:\xampp\htdocs\lexsoft\app\Controllers\admin\User.php(95): view('admin/user/busc...', Array)
#5 C:\xampp\htdocs\lexsoft\vendor\codeigniter4\framework\system\CodeIgniter.php(936): App\Controllers\admin\User->buscar()
#6 C:\xampp\htdocs\lexsoft\vendor\codeigniter4\framework\system\CodeIgniter.php(432): CodeIgniter\CodeIgniter->runController(Object(App\Controllers\admin\User))
#7 C:\xampp\htdocs\lexsoft\vendor\codeigniter4\framework\system\CodeIgniter.php(333): CodeIgniter\CodeIgniter->handleRequest(NULL, Object(Config\Cache), false)
#8 C:\xampp\htdocs\lexsoft\public\index.php(44): CodeIgniter\CodeIgniter->run()
#9 {main}
CRITICAL - 2021-04-15 12:41:30 --> Undefined variable: datos
#0 C:\xampp\htdocs\lexsoft\app\Views\admin\user\buscar.php(33): CodeIgniter\Debug\Exceptions->errorHandler(8, 'Undefined varia...', 'C:\\xampp\\htdocs...', 33, Array)
#1 C:\xampp\htdocs\lexsoft\vendor\codeigniter4\framework\system\View\View.php(220): include('C:\\xampp\\htdocs...')
#2 C:\xampp\htdocs\lexsoft\vendor\codeigniter4\framework\system\View\View.php(222): CodeIgniter\View\View->CodeIgniter\View\{closure}()
#3 C:\xampp\htdocs\lexsoft\vendor\codeigniter4\framework\system\Common.php(1217): CodeIgniter\View\View->render('admin/user/busc...', Array, true)
#4 C:\xampp\htdocs\lexsoft\app\Controllers\admin\User.php(95): view('admin/user/busc...', Array)
#5 C:\xampp\htdocs\lexsoft\vendor\codeigniter4\framework\system\CodeIgniter.php(936): App\Controllers\admin\User->buscar()
#6 C:\xampp\htdocs\lexsoft\vendor\codeigniter4\framework\system\CodeIgniter.php(432): CodeIgniter\CodeIgniter->runController(Object(App\Controllers\admin\User))
#7 C:\xampp\htdocs\lexsoft\vendor\codeigniter4\framework\system\CodeIgniter.php(333): CodeIgniter\CodeIgniter->handleRequest(NULL, Object(Config\Cache), false)
#8 C:\xampp\htdocs\lexsoft\public\index.php(44): CodeIgniter\CodeIgniter->run()
#9 {main}
CRITICAL - 2021-04-15 12:41:30 --> Undefined variable: datos
#0 C:\xampp\htdocs\lexsoft\app\Views\admin\user\buscar.php(33): CodeIgniter\Debug\Exceptions->errorHandler(8, 'Undefined varia...', 'C:\\xampp\\htdocs...', 33, Array)
#1 C:\xampp\htdocs\lexsoft\vendor\codeigniter4\framework\system\View\View.php(220): include('C:\\xampp\\htdocs...')
#2 C:\xampp\htdocs\lexsoft\vendor\codeigniter4\framework\system\View\View.php(222): CodeIgniter\View\View->CodeIgniter\View\{closure}()
#3 C:\xampp\htdocs\lexsoft\vendor\codeigniter4\framework\system\Common.php(1217): CodeIgniter\View\View->render('admin/user/busc...', Array, true)
#4 C:\xampp\htdocs\lexsoft\app\Controllers\admin\User.php(95): view('admin/user/busc...', Array)
#5 C:\xampp\htdocs\lexsoft\vendor\codeigniter4\framework\system\CodeIgniter.php(936): App\Controllers\admin\User->buscar()
#6 C:\xampp\htdocs\lexsoft\vendor\codeigniter4\framework\system\CodeIgniter.php(432): CodeIgniter\CodeIgniter->runController(Object(App\Controllers\admin\User))
#7 C:\xampp\htdocs\lexsoft\vendor\codeigniter4\framework\system\CodeIgniter.php(333): CodeIgniter\CodeIgniter->handleRequest(NULL, Object(Config\Cache), false)
#8 C:\xampp\htdocs\lexsoft\public\index.php(44): CodeIgniter\CodeIgniter->run()
#9 {main}
CRITICAL - 2021-04-15 12:42:13 --> Undefined variable: mensaje
#0 C:\xampp\htdocs\lexsoft\app\Views\admin\user\buscar.php(107): CodeIgniter\Debug\Exceptions->errorHandler(8, 'Undefined varia...', 'C:\\xampp\\htdocs...', 107, Array)
#1 C:\xampp\htdocs\lexsoft\vendor\codeigniter4\framework\system\View\View.php(220): include('C:\\xampp\\htdocs...')
#2 C:\xampp\htdocs\lexsoft\vendor\codeigniter4\framework\system\View\View.php(222): CodeIgniter\View\View->CodeIgniter\View\{closure}()
#3 C:\xampp\htdocs\lexsoft\vendor\codeigniter4\framework\system\Common.php(1217): CodeIgniter\View\View->render('admin/user/busc...', Array, true)
#4 C:\xampp\htdocs\lexsoft\app\Controllers\admin\User.php(96): view('admin/user/busc...', Array)
#5 C:\xampp\htdocs\lexsoft\vendor\codeigniter4\framework\system\CodeIgniter.php(936): App\Controllers\admin\User->buscar()
#6 C:\xampp\htdocs\lexsoft\vendor\codeigniter4\framework\system\CodeIgniter.php(432): CodeIgniter\CodeIgniter->runController(Object(App\Controllers\admin\User))
#7 C:\xampp\htdocs\lexsoft\vendor\codeigniter4\framework\system\CodeIgniter.php(333): CodeIgniter\CodeIgniter->handleRequest(NULL, Object(Config\Cache), false)
#8 C:\xampp\htdocs\lexsoft\public\index.php(44): CodeIgniter\CodeIgniter->run()
#9 {main}
CRITICAL - 2021-04-15 12:48:07 --> Undefined variable: mensaje
#0 C:\xampp\htdocs\lexsoft\app\Views\admin\user\listar.php(107): CodeIgniter\Debug\Exceptions->errorHandler(8, 'Undefined varia...', 'C:\\xampp\\htdocs...', 107, Array)
#1 C:\xampp\htdocs\lexsoft\vendor\codeigniter4\framework\system\View\View.php(220): include('C:\\xampp\\htdocs...')
#2 C:\xampp\htdocs\lexsoft\vendor\codeigniter4\framework\system\View\View.php(222): CodeIgniter\View\View->CodeIgniter\View\{closure}()
#3 C:\xampp\htdocs\lexsoft\vendor\codeigniter4\framework\system\Common.php(1217): CodeIgniter\View\View->render('admin/user/list...', Array, true)
#4 C:\xampp\htdocs\lexsoft\app\Controllers\admin\User.php(86): view('admin/user/list...', Array)
#5 C:\xampp\htdocs\lexsoft\vendor\codeigniter4\framework\system\CodeIgniter.php(936): App\Controllers\admin\User->listar()
#6 C:\xampp\htdocs\lexsoft\vendor\codeigniter4\framework\system\CodeIgniter.php(432): CodeIgniter\CodeIgniter->runController(Object(App\Controllers\admin\User))
#7 C:\xampp\htdocs\lexsoft\vendor\codeigniter4\framework\system\CodeIgniter.php(333): CodeIgniter\CodeIgniter->handleRequest(NULL, Object(Config\Cache), false)
#8 C:\xampp\htdocs\lexsoft\public\index.php(44): CodeIgniter\CodeIgniter->run()
#9 {main}
CRITICAL - 2021-04-15 13:57:40 --> Call to undefined function App\Controllers\admin\hashPassword()
#0 C:\xampp\htdocs\lexsoft\vendor\codeigniter4\framework\system\CodeIgniter.php(936): App\Controllers\admin\User->insert_user()
#1 C:\xampp\htdocs\lexsoft\vendor\codeigniter4\framework\system\CodeIgniter.php(432): CodeIgniter\CodeIgniter->runController(Object(App\Controllers\admin\User))
#2 C:\xampp\htdocs\lexsoft\vendor\codeigniter4\framework\system\CodeIgniter.php(333): CodeIgniter\CodeIgniter->handleRequest(NULL, Object(Config\Cache), false)
#3 C:\xampp\htdocs\lexsoft\public\index.php(44): CodeIgniter\CodeIgniter->run()
#4 {main}
ERROR - 2021-04-15 14:08:42 --> mysqli_sql_exception: Duplicate entry 'admin' for key 'username' in C:\xampp\htdocs\lexsoft\vendor\codeigniter4\framework\system\Database\MySQLi\Connection.php:314
Stack trace:
#0 C:\xampp\htdocs\lexsoft\vendor\codeigniter4\framework\system\Database\MySQLi\Connection.php(314): mysqli->query('INSERT INTO `le...')
#1 C:\xampp\htdocs\lexsoft\vendor\codeigniter4\framework\system\Database\BaseConnection.php(713): CodeIgniter\Database\MySQLi\Connection->execute('INSERT INTO `le...')
#2 C:\xampp\htdocs\lexsoft\vendor\codeigniter4\framework\system\Database\BaseConnection.php(641): CodeIgniter\Database\BaseConnection->simpleQuery('INSERT INTO `le...')
#3 C:\xampp\htdocs\lexsoft\vendor\codeigniter4\framework\system\Database\BaseBuilder.php(2263): CodeIgniter\Database\BaseConnection->query('INSERT INTO `le...', Array, false)
#4 C:\xampp\htdocs\lexsoft\app\Models\UserModel.php(12): CodeIgniter\Database\BaseBuilder->insert(Array)
#5 C:\xampp\htdocs\lexsoft\app\Controllers\admin\User.php(55): App\Models\UserModel->insertar_user(Array)
#6 C:\xampp\htdocs\lexsoft\vendor\codeigniter4\framework\system\CodeIgniter.php(936): App\Controllers\admin\User->insert_user()
#7 C:\xampp\htdocs\lexsoft\vendor\codeigniter4\framework\system\CodeIgniter.php(432): CodeIgniter\CodeIgniter->runController(Object(App\Controllers\admin\User))
#8 C:\xampp\htdocs\lexsoft\vendor\codeigniter4\framework\system\CodeIgniter.php(333): CodeIgniter\CodeIgniter->handleRequest(NULL, Object(Config\Cache), false)
#9 C:\xampp\htdocs\lexsoft\public\index.php(44): CodeIgniter\CodeIgniter->run()
#10 {main}
CRITICAL - 2021-04-15 14:08:42 --> Duplicate entry 'admin' for key 'username'
#0 C:\xampp\htdocs\lexsoft\vendor\codeigniter4\framework\system\Database\MySQLi\Connection.php(314): mysqli->query('INSERT INTO `le...')
#1 C:\xampp\htdocs\lexsoft\vendor\codeigniter4\framework\system\Database\BaseConnection.php(713): CodeIgniter\Database\MySQLi\Connection->execute('INSERT INTO `le...')
#2 C:\xampp\htdocs\lexsoft\vendor\codeigniter4\framework\system\Database\BaseConnection.php(641): CodeIgniter\Database\BaseConnection->simpleQuery('INSERT INTO `le...')
#3 C:\xampp\htdocs\lexsoft\vendor\codeigniter4\framework\system\Database\BaseBuilder.php(2263): CodeIgniter\Database\BaseConnection->query('INSERT INTO `le...', Array, false)
#4 C:\xampp\htdocs\lexsoft\app\Models\UserModel.php(12): CodeIgniter\Database\BaseBuilder->insert(Array)
#5 C:\xampp\htdocs\lexsoft\app\Controllers\admin\User.php(55): App\Models\UserModel->insertar_user(Array)
#6 C:\xampp\htdocs\lexsoft\vendor\codeigniter4\framework\system\CodeIgniter.php(936): App\Controllers\admin\User->insert_user()
#7 C:\xampp\htdocs\lexsoft\vendor\codeigniter4\framework\system\CodeIgniter.php(432): CodeIgniter\CodeIgniter->runController(Object(App\Controllers\admin\User))
#8 C:\xampp\htdocs\lexsoft\vendor\codeigniter4\framework\system\CodeIgniter.php(333): CodeIgniter\CodeIgniter->handleRequest(NULL, Object(Config\Cache), false)
#9 C:\xampp\htdocs\lexsoft\public\index.php(44): CodeIgniter\CodeIgniter->run()
#10 {main}
